[debug] [2025-12-15T00:16:18.038Z] ----------------------------------------------------------------------
[debug] [2025-12-15T00:16:18.040Z] Command:       /Users/kc/.nvm/versions/node/v20.19.6/bin/node /usr/local/bin/firebase deploy --only functions
[debug] [2025-12-15T00:16:18.040Z] CLI Version:   15.0.0
[debug] [2025-12-15T00:16:18.040Z] Platform:      darwin
[debug] [2025-12-15T00:16:18.040Z] Node Version:  v20.19.6
[debug] [2025-12-15T00:16:18.040Z] Time:          Sun Dec 14 2025 16:16:18 GMT-0800 (Pacific Standard Time)
[debug] [2025-12-15T00:16:18.040Z] ----------------------------------------------------------------------
[debug] 
[debug] [2025-12-15T00:16:18.916Z] > command requires scopes: ["email","openid","https://www.googleapis.com/auth/cloudplatformprojects.readonly","https://www.googleapis.com/auth/firebase","https://www.googleapis.com/auth/cloud-platform"]
[debug] [2025-12-15T00:16:18.916Z] > authorizing via signed-in user (b43274327@gmail.com)
[debug] [2025-12-15T00:16:18.916Z] [iam] checking project magic-broom-7d544 for permissions ["cloudfunctions.functions.create","cloudfunctions.functions.delete","cloudfunctions.functions.get","cloudfunctions.functions.list","cloudfunctions.functions.update","cloudfunctions.operations.get","firebase.projects.get"]
[debug] [2025-12-15T00:16:18.916Z] Checked if tokens are valid: true, expires at: 1765761043243
[debug] [2025-12-15T00:16:18.917Z] Checked if tokens are valid: true, expires at: 1765761043243
[debug] [2025-12-15T00:16:18.917Z] >>> [apiv2][query] POST https://cloudresourcemanager.googleapis.com/v1/projects/magic-broom-7d544:testIamPermissions [none]
[debug] [2025-12-15T00:16:18.917Z] >>> [apiv2][(partial)header] POST https://cloudresourcemanager.googleapis.com/v1/projects/magic-broom-7d544:testIamPermissions x-goog-quota-user=projects/magic-broom-7d544
[debug] [2025-12-15T00:16:18.917Z] >>> [apiv2][body] POST https://cloudresourcemanager.googleapis.com/v1/projects/magic-broom-7d544:testIamPermissions {"permissions":["cloudfunctions.functions.create","cloudfunctions.functions.delete","cloudfunctions.functions.get","cloudfunctions.functions.list","cloudfunctions.functions.update","cloudfunctions.operations.get","firebase.projects.get"]}
[debug] [2025-12-15T00:16:19.252Z] <<< [apiv2][status] POST https://cloudresourcemanager.googleapis.com/v1/projects/magic-broom-7d544:testIamPermissions 200
[debug] [2025-12-15T00:16:19.253Z] <<< [apiv2][body] POST https://cloudresourcemanager.googleapis.com/v1/projects/magic-broom-7d544:testIamPermissions {"permissions":["cloudfunctions.functions.create","cloudfunctions.functions.delete","cloudfunctions.functions.get","cloudfunctions.functions.list","cloudfunctions.functions.update","cloudfunctions.operations.get","firebase.projects.get"]}
[debug] [2025-12-15T00:16:19.253Z] Checked if tokens are valid: true, expires at: 1765761043243
[debug] [2025-12-15T00:16:19.253Z] Checked if tokens are valid: true, expires at: 1765761043243
[debug] [2025-12-15T00:16:19.253Z] >>> [apiv2][query] POST https://iam.googleapis.com/v1/projects/magic-broom-7d544/serviceAccounts/magic-broom-7d544@appspot.gserviceaccount.com:testIamPermissions [none]
[debug] [2025-12-15T00:16:19.253Z] >>> [apiv2][body] POST https://iam.googleapis.com/v1/projects/magic-broom-7d544/serviceAccounts/magic-broom-7d544@appspot.gserviceaccount.com:testIamPermissions {"permissions":["iam.serviceAccounts.actAs"]}
[debug] [2025-12-15T00:16:19.516Z] <<< [apiv2][status] POST https://iam.googleapis.com/v1/projects/magic-broom-7d544/serviceAccounts/magic-broom-7d544@appspot.gserviceaccount.com:testIamPermissions 200
[debug] [2025-12-15T00:16:19.516Z] <<< [apiv2][body] POST https://iam.googleapis.com/v1/projects/magic-broom-7d544/serviceAccounts/magic-broom-7d544@appspot.gserviceaccount.com:testIamPermissions {"permissions":["iam.serviceAccounts.actAs"]}
[info] 
[info] === Deploying to 'magic-broom-7d544'...
[info] 
[info] i  deploying functions 
[debug] [2025-12-15T00:16:19.521Z] Checked if tokens are valid: true, expires at: 1765761043243
[debug] [2025-12-15T00:16:19.521Z] Checked if tokens are valid: true, expires at: 1765761043243
[debug] [2025-12-15T00:16:19.521Z] >>> [apiv2][query] GET https://cloudresourcemanager.googleapis.com/v1/projects/magic-broom-7d544 [none]
[debug] [2025-12-15T00:16:19.665Z] <<< [apiv2][status] GET https://cloudresourcemanager.googleapis.com/v1/projects/magic-broom-7d544 200
[debug] [2025-12-15T00:16:19.665Z] <<< [apiv2][body] GET https://cloudresourcemanager.googleapis.com/v1/projects/magic-broom-7d544 {"projectNumber":"390718059462","projectId":"magic-broom-7d544","lifecycleState":"ACTIVE","name":"magic-broom","labels":{"firebase":"enabled","firebase-core":"disabled"},"createTime":"2025-12-14T00:30:54.931090Z"}
[info] i  functions: preparing codebase default for deployment 
[info] i  functions: ensuring required API cloudfunctions.googleapis.com is enabled... 
[info] i  functions: ensuring required API cloudbuild.googleapis.com is enabled... 
[info] i  artifactregistry: ensuring required API artifactregistry.googleapis.com is enabled... 
[debug] [2025-12-15T00:16:19.668Z] Checked if tokens are valid: true, expires at: 1765761043243
[debug] [2025-12-15T00:16:19.668Z] Checked if tokens are valid: true, expires at: 1765761043243
[debug] [2025-12-15T00:16:19.668Z] >>> [apiv2][query] GET https://firebase.googleapis.com/v1beta1/projects/magic-broom-7d544/adminSdkConfig [none]
[debug] [2025-12-15T00:16:20.062Z] <<< [apiv2][status] GET https://firebase.googleapis.com/v1beta1/projects/magic-broom-7d544/adminSdkConfig 200
[debug] [2025-12-15T00:16:20.062Z] <<< [apiv2][body] GET https://firebase.googleapis.com/v1beta1/projects/magic-broom-7d544/adminSdkConfig {"projectId":"magic-broom-7d544","storageBucket":"magic-broom-7d544.firebasestorage.app"}
[debug] [2025-12-15T00:16:20.063Z] Validating nodejs source
[debug] [2025-12-15T00:16:20.460Z] > [functions] package.json contents: {
  "name": "functions",
  "description": "Cloud Functions for Firebase",
  "scripts": {
    "serve": "firebase emulators:start --only functions",
    "shell": "firebase functions:shell",
    "start": "npm run shell",
    "deploy": "firebase deploy --only functions",
    "logs": "firebase functions:log"
  },
  "engines": {
    "node": "24"
  },
  "main": "index.js",
  "dependencies": {
    "axios": "^1.13.2",
    "firebase-admin": "^13.6.0",
    "firebase-functions": "^7.0.0"
  },
  "devDependencies": {
    "firebase-functions-test": "^3.4.1"
  },
  "private": true
}
[debug] [2025-12-15T00:16:20.460Z] Building nodejs source
[info] i  functions: Loading and analyzing source code for codebase default to determine what to deploy 
[debug] [2025-12-15T00:16:20.461Z] Could not find functions.yaml. Must use http discovery
[debug] [2025-12-15T00:16:20.466Z] Found firebase-functions binary at '/Users/kc/Downloads/magicBroom/functions/node_modules/.bin/firebase-functions'
[info] Serving at port 8071

[debug] [2025-12-15T00:16:20.801Z] Got response from /__/functions.yaml {"endpoints":{"placesProxy":{"availableMemoryMb":null,"timeoutSeconds":null,"minInstances":null,"maxInstances":null,"ingressSettings":null,"concurrency":null,"serviceAccountEmail":null,"vpc":null,"platform":"gcfv2","labels":{},"httpsTrigger":{},"entryPoint":"placesProxy"}},"specVersion":"v1alpha1","requiredAPIs":[],"extensions":{},"params":[{"name":"GOOGLE_MAPS_KEY","type":"string"}]}
[info] i  extensions: ensuring required API firebaseextensions.googleapis.com is enabled... 
[debug] [2025-12-15T00:16:24.822Z] Checked if tokens are valid: true, expires at: 1765761043243
[debug] [2025-12-15T00:16:24.822Z] Checked if tokens are valid: true, expires at: 1765761043243
[debug] [2025-12-15T00:16:24.822Z] >>> [apiv2][query] GET https://serviceusage.googleapis.com/v1/projects/magic-broom-7d544/services/firebaseextensions.googleapis.com [none]
[debug] [2025-12-15T00:16:24.822Z] >>> [apiv2][(partial)header] GET https://serviceusage.googleapis.com/v1/projects/magic-broom-7d544/services/firebaseextensions.googleapis.com x-goog-quota-user=projects/magic-broom-7d544
[debug] [2025-12-15T00:16:25.274Z] <<< [apiv2][status] GET https://serviceusage.googleapis.com/v1/projects/magic-broom-7d544/services/firebaseextensions.googleapis.com 200
[debug] [2025-12-15T00:16:25.274Z] <<< [apiv2][body] GET https://serviceusage.googleapis.com/v1/projects/magic-broom-7d544/services/firebaseextensions.googleapis.com [omitted]
[warn] ⚠  extensions: missing required API firebaseextensions.googleapis.com. Enabling now... 
[debug] [2025-12-15T00:16:25.276Z] Checked if tokens are valid: true, expires at: 1765761043243
[debug] [2025-12-15T00:16:25.276Z] Checked if tokens are valid: true, expires at: 1765761043243
[debug] [2025-12-15T00:16:25.276Z] >>> [apiv2][query] POST https://serviceusage.googleapis.com/v1/projects/magic-broom-7d544/services/firebaseextensions.googleapis.com:enable [none]
[debug] [2025-12-15T00:16:25.276Z] >>> [apiv2][(partial)header] POST https://serviceusage.googleapis.com/v1/projects/magic-broom-7d544/services/firebaseextensions.googleapis.com:enable x-goog-quota-user=projects/magic-broom-7d544
[debug] [2025-12-15T00:16:25.857Z] <<< [apiv2][status] POST https://serviceusage.googleapis.com/v1/projects/magic-broom-7d544/services/firebaseextensions.googleapis.com:enable 200
[debug] [2025-12-15T00:16:25.857Z] <<< [apiv2][body] POST https://serviceusage.googleapis.com/v1/projects/magic-broom-7d544/services/firebaseextensions.googleapis.com:enable [omitted]
[debug] [2025-12-15T00:16:35.871Z] > command requires scopes: ["email","openid","https://www.googleapis.com/auth/cloudplatformprojects.readonly","https://www.googleapis.com/auth/firebase","https://www.googleapis.com/auth/cloud-platform"]
[debug] [2025-12-15T00:16:35.872Z] > authorizing via signed-in user (b43274327@gmail.com)
[debug] [2025-12-15T00:16:35.872Z] [iam] checking project magic-broom-7d544 for permissions ["firebase.projects.get","firebaseextensions.instances.list"]
[debug] [2025-12-15T00:16:35.872Z] Checked if tokens are valid: true, expires at: 1765761043243
[debug] [2025-12-15T00:16:35.872Z] Checked if tokens are valid: true, expires at: 1765761043243
[debug] [2025-12-15T00:16:35.872Z] >>> [apiv2][query] POST https://cloudresourcemanager.googleapis.com/v1/projects/magic-broom-7d544:testIamPermissions [none]
[debug] [2025-12-15T00:16:35.872Z] >>> [apiv2][(partial)header] POST https://cloudresourcemanager.googleapis.com/v1/projects/magic-broom-7d544:testIamPermissions x-goog-quota-user=projects/magic-broom-7d544
[debug] [2025-12-15T00:16:35.872Z] >>> [apiv2][body] POST https://cloudresourcemanager.googleapis.com/v1/projects/magic-broom-7d544:testIamPermissions {"permissions":["firebase.projects.get","firebaseextensions.instances.list"]}
[debug] [2025-12-15T00:16:36.126Z] <<< [apiv2][status] POST https://cloudresourcemanager.googleapis.com/v1/projects/magic-broom-7d544:testIamPermissions 200
[debug] [2025-12-15T00:16:36.126Z] <<< [apiv2][body] POST https://cloudresourcemanager.googleapis.com/v1/projects/magic-broom-7d544:testIamPermissions {"permissions":["firebase.projects.get","firebaseextensions.instances.list"]}
[debug] [2025-12-15T00:16:36.127Z] Checked if tokens are valid: true, expires at: 1765761043243
[debug] [2025-12-15T00:16:36.127Z] Checked if tokens are valid: true, expires at: 1765761043243
[debug] [2025-12-15T00:16:36.128Z] >>> [apiv2][query] GET https://firebaseextensions.googleapis.com/v1beta/projects/magic-broom-7d544/instances pageSize=100&pageToken=
[debug] [2025-12-15T00:16:37.682Z] <<< [apiv2][status] GET https://firebaseextensions.googleapis.com/v1beta/projects/magic-broom-7d544/instances 200
[debug] [2025-12-15T00:16:37.682Z] <<< [apiv2][body] GET https://firebaseextensions.googleapis.com/v1beta/projects/magic-broom-7d544/instances {}
[info] i  functions: Created new local file .env.magic-broom-7d544 to store param values. We suggest explicitly adding or excluding this file from version control. 
[info] i  functions: Loaded environment variables from .env.magic-broom-7d544. 
[info] i  functions: Loaded environment variables from .env.magic-broom-7d544. 
[info] i  functions: Writing new parameter values to disk: .env.magic-broom-7d544 
[info] i  functions: preparing functions directory for uploading... 
[info] i  functions: packaged /Users/kc/Downloads/magicBroom/functions (70.08 KB) for uploading 
[debug] [2025-12-15T00:17:06.284Z] Checked if tokens are valid: true, expires at: 1765761043243
[debug] [2025-12-15T00:17:06.284Z] Checked if tokens are valid: true, expires at: 1765761043243
[debug] [2025-12-15T00:17:06.284Z] >>> [apiv2][query] GET https://cloudfunctions.googleapis.com/v1/projects/magic-broom-7d544/locations/-/functions [none]
[debug] [2025-12-15T00:17:07.022Z] <<< [apiv2][status] GET https://cloudfunctions.googleapis.com/v1/projects/magic-broom-7d544/locations/-/functions 200
[debug] [2025-12-15T00:17:07.023Z] <<< [apiv2][body] GET https://cloudfunctions.googleapis.com/v1/projects/magic-broom-7d544/locations/-/functions {}
[debug] [2025-12-15T00:17:07.024Z] Checked if tokens are valid: true, expires at: 1765761043243
[debug] [2025-12-15T00:17:07.024Z] Checked if tokens are valid: true, expires at: 1765761043243
[debug] [2025-12-15T00:17:07.024Z] >>> [apiv2][query] GET https://cloudfunctions.googleapis.com/v2/projects/magic-broom-7d544/locations/-/functions filter=environment%3D%22GEN_2%22
[debug] [2025-12-15T00:17:07.553Z] <<< [apiv2][status] GET https://cloudfunctions.googleapis.com/v2/projects/magic-broom-7d544/locations/-/functions 200
[debug] [2025-12-15T00:17:07.554Z] <<< [apiv2][body] GET https://cloudfunctions.googleapis.com/v2/projects/magic-broom-7d544/locations/-/functions {}
[info] i  functions: ensuring required API run.googleapis.com is enabled... 
[debug] [2025-12-15T00:17:07.556Z] Checked if tokens are valid: true, expires at: 1765761043243
[debug] [2025-12-15T00:17:07.556Z] Checked if tokens are valid: true, expires at: 1765761043243
[info] i  functions: ensuring required API eventarc.googleapis.com is enabled... 
[debug] [2025-12-15T00:17:07.556Z] Checked if tokens are valid: true, expires at: 1765761043243
[debug] [2025-12-15T00:17:07.556Z] Checked if tokens are valid: true, expires at: 1765761043243
[info] i  functions: ensuring required API pubsub.googleapis.com is enabled... 
[debug] [2025-12-15T00:17:07.556Z] Checked if tokens are valid: true, expires at: 1765761043243
[debug] [2025-12-15T00:17:07.556Z] Checked if tokens are valid: true, expires at: 1765761043243
[info] i  functions: ensuring required API storage.googleapis.com is enabled... 
[debug] [2025-12-15T00:17:07.556Z] Checked if tokens are valid: true, expires at: 1765761043243
[debug] [2025-12-15T00:17:07.556Z] Checked if tokens are valid: true, expires at: 1765761043243
[debug] [2025-12-15T00:17:07.557Z] >>> [apiv2][query] GET https://serviceusage.googleapis.com/v1/projects/390718059462/services/run.googleapis.com [none]
[debug] [2025-12-15T00:17:07.557Z] >>> [apiv2][(partial)header] GET https://serviceusage.googleapis.com/v1/projects/390718059462/services/run.googleapis.com x-goog-quota-user=projects/390718059462
[debug] [2025-12-15T00:17:07.558Z] >>> [apiv2][query] GET https://serviceusage.googleapis.com/v1/projects/390718059462/services/eventarc.googleapis.com [none]
[debug] [2025-12-15T00:17:07.558Z] >>> [apiv2][(partial)header] GET https://serviceusage.googleapis.com/v1/projects/390718059462/services/eventarc.googleapis.com x-goog-quota-user=projects/390718059462
[debug] [2025-12-15T00:17:07.559Z] >>> [apiv2][query] GET https://serviceusage.googleapis.com/v1/projects/390718059462/services/pubsub.googleapis.com [none]
[debug] [2025-12-15T00:17:07.559Z] >>> [apiv2][(partial)header] GET https://serviceusage.googleapis.com/v1/projects/390718059462/services/pubsub.googleapis.com x-goog-quota-user=projects/390718059462
[debug] [2025-12-15T00:17:07.560Z] >>> [apiv2][query] GET https://serviceusage.googleapis.com/v1/projects/390718059462/services/storage.googleapis.com [none]
[debug] [2025-12-15T00:17:07.560Z] >>> [apiv2][(partial)header] GET https://serviceusage.googleapis.com/v1/projects/390718059462/services/storage.googleapis.com x-goog-quota-user=projects/390718059462
[debug] [2025-12-15T00:17:08.360Z] <<< [apiv2][status] GET https://serviceusage.googleapis.com/v1/projects/390718059462/services/eventarc.googleapis.com 200
[debug] [2025-12-15T00:17:08.360Z] <<< [apiv2][body] GET https://serviceusage.googleapis.com/v1/projects/390718059462/services/eventarc.googleapis.com [omitted]
[warn] ⚠  functions: missing required API eventarc.googleapis.com. Enabling now... 
[debug] [2025-12-15T00:17:08.361Z] Checked if tokens are valid: true, expires at: 1765761043243
[debug] [2025-12-15T00:17:08.361Z] Checked if tokens are valid: true, expires at: 1765761043243
[debug] [2025-12-15T00:17:08.361Z] >>> [apiv2][query] POST https://serviceusage.googleapis.com/v1/projects/390718059462/services/eventarc.googleapis.com:enable [none]
[debug] [2025-12-15T00:17:08.361Z] >>> [apiv2][(partial)header] POST https://serviceusage.googleapis.com/v1/projects/390718059462/services/eventarc.googleapis.com:enable x-goog-quota-user=projects/390718059462
[debug] [2025-12-15T00:17:08.362Z] <<< [apiv2][status] GET https://serviceusage.googleapis.com/v1/projects/390718059462/services/storage.googleapis.com 200
[debug] [2025-12-15T00:17:08.362Z] <<< [apiv2][body] GET https://serviceusage.googleapis.com/v1/projects/390718059462/services/storage.googleapis.com [omitted]
[info] ✔  functions: required API storage.googleapis.com is enabled 
[debug] [2025-12-15T00:17:08.371Z] <<< [apiv2][status] GET https://serviceusage.googleapis.com/v1/projects/390718059462/services/pubsub.googleapis.com 200
[debug] [2025-12-15T00:17:08.371Z] <<< [apiv2][body] GET https://serviceusage.googleapis.com/v1/projects/390718059462/services/pubsub.googleapis.com [omitted]
[info] ✔  functions: required API pubsub.googleapis.com is enabled 
[debug] [2025-12-15T00:17:08.376Z] <<< [apiv2][status] GET https://serviceusage.googleapis.com/v1/projects/390718059462/services/run.googleapis.com 200
[debug] [2025-12-15T00:17:08.376Z] <<< [apiv2][body] GET https://serviceusage.googleapis.com/v1/projects/390718059462/services/run.googleapis.com [omitted]
[warn] ⚠  functions: missing required API run.googleapis.com. Enabling now... 
[debug] [2025-12-15T00:17:08.376Z] Checked if tokens are valid: true, expires at: 1765761043243
[debug] [2025-12-15T00:17:08.376Z] Checked if tokens are valid: true, expires at: 1765761043243
[debug] [2025-12-15T00:17:08.376Z] >>> [apiv2][query] POST https://serviceusage.googleapis.com/v1/projects/390718059462/services/run.googleapis.com:enable [none]
[debug] [2025-12-15T00:17:08.376Z] >>> [apiv2][(partial)header] POST https://serviceusage.googleapis.com/v1/projects/390718059462/services/run.googleapis.com:enable x-goog-quota-user=projects/390718059462
[debug] [2025-12-15T00:17:08.960Z] <<< [apiv2][status] POST https://serviceusage.googleapis.com/v1/projects/390718059462/services/run.googleapis.com:enable 200
[debug] [2025-12-15T00:17:08.961Z] <<< [apiv2][body] POST https://serviceusage.googleapis.com/v1/projects/390718059462/services/run.googleapis.com:enable [omitted]
[debug] [2025-12-15T00:17:08.971Z] <<< [apiv2][status] POST https://serviceusage.googleapis.com/v1/projects/390718059462/services/eventarc.googleapis.com:enable 200
[debug] [2025-12-15T00:17:08.972Z] <<< [apiv2][body] POST https://serviceusage.googleapis.com/v1/projects/390718059462/services/eventarc.googleapis.com:enable [omitted]
[info] i  functions: generating the service identity for pubsub.googleapis.com... 
[debug] [2025-12-15T00:17:18.981Z] Checked if tokens are valid: true, expires at: 1765761043243
[debug] [2025-12-15T00:17:18.981Z] Checked if tokens are valid: true, expires at: 1765761043243
[info] i  functions: generating the service identity for eventarc.googleapis.com... 
[debug] [2025-12-15T00:17:18.981Z] Checked if tokens are valid: true, expires at: 1765761043243
[debug] [2025-12-15T00:17:18.981Z] Checked if tokens are valid: true, expires at: 1765761043243
[debug] [2025-12-15T00:17:18.981Z] >>> [apiv2][query] POST https://serviceusage.googleapis.com/v1beta1/projects/390718059462/services/pubsub.googleapis.com:generateServiceIdentity [none]
[debug] [2025-12-15T00:17:18.981Z] >>> [apiv2][(partial)header] POST https://serviceusage.googleapis.com/v1beta1/projects/390718059462/services/pubsub.googleapis.com:generateServiceIdentity x-goog-quota-user=projects/390718059462
[debug] [2025-12-15T00:17:18.981Z] >>> [apiv2][body] POST https://serviceusage.googleapis.com/v1beta1/projects/390718059462/services/pubsub.googleapis.com:generateServiceIdentity {}
[debug] [2025-12-15T00:17:18.983Z] >>> [apiv2][query] POST https://serviceusage.googleapis.com/v1beta1/projects/390718059462/services/eventarc.googleapis.com:generateServiceIdentity [none]
[debug] [2025-12-15T00:17:18.984Z] >>> [apiv2][(partial)header] POST https://serviceusage.googleapis.com/v1beta1/projects/390718059462/services/eventarc.googleapis.com:generateServiceIdentity x-goog-quota-user=projects/390718059462
[debug] [2025-12-15T00:17:18.984Z] >>> [apiv2][body] POST https://serviceusage.googleapis.com/v1beta1/projects/390718059462/services/eventarc.googleapis.com:generateServiceIdentity {}
[debug] [2025-12-15T00:17:19.723Z] <<< [apiv2][status] POST https://serviceusage.googleapis.com/v1beta1/projects/390718059462/services/pubsub.googleapis.com:generateServiceIdentity 200
[debug] [2025-12-15T00:17:19.723Z] <<< [apiv2][body] POST https://serviceusage.googleapis.com/v1beta1/projects/390718059462/services/pubsub.googleapis.com:generateServiceIdentity {"name":"operations/finished.DONE_OPERATION","done":true,"response":{"@type":"type.googleapis.com/google.api.serviceusage.v1beta1.ServiceIdentity","email":"service-390718059462@gcp-sa-pubsub.iam.gserviceaccount.com","uniqueId":"106886708601752801693"}}
[debug] [2025-12-15T00:17:19.724Z] <<< [apiv2][status] POST https://serviceusage.googleapis.com/v1beta1/projects/390718059462/services/eventarc.googleapis.com:generateServiceIdentity 200
[debug] [2025-12-15T00:17:19.724Z] <<< [apiv2][body] POST https://serviceusage.googleapis.com/v1beta1/projects/390718059462/services/eventarc.googleapis.com:generateServiceIdentity {"name":"operations/finished.DONE_OPERATION","done":true,"response":{"@type":"type.googleapis.com/google.api.serviceusage.v1beta1.ServiceIdentity","email":"service-390718059462@gcp-sa-eventarc.iam.gserviceaccount.com","uniqueId":"115295765139778820431"}}
[debug] [2025-12-15T00:17:19.727Z] Checked if tokens are valid: true, expires at: 1765761043243
[debug] [2025-12-15T00:17:19.728Z] Checked if tokens are valid: true, expires at: 1765761043243
[debug] [2025-12-15T00:17:19.728Z] >>> [apiv2][query] GET https://cloudresourcemanager.googleapis.com/v1/projects/magic-broom-7d544 [none]
[debug] [2025-12-15T00:17:20.058Z] <<< [apiv2][status] GET https://cloudresourcemanager.googleapis.com/v1/projects/magic-broom-7d544 200
[debug] [2025-12-15T00:17:20.058Z] <<< [apiv2][body] GET https://cloudresourcemanager.googleapis.com/v1/projects/magic-broom-7d544 {"projectNumber":"390718059462","projectId":"magic-broom-7d544","lifecycleState":"ACTIVE","name":"magic-broom","labels":{"firebase":"enabled","firebase-core":"disabled"},"createTime":"2025-12-14T00:30:54.931090Z"}
[debug] [2025-12-15T00:17:20.059Z] Checked if tokens are valid: true, expires at: 1765761043243
[debug] [2025-12-15T00:17:20.059Z] Checked if tokens are valid: true, expires at: 1765761043243
[debug] [2025-12-15T00:17:20.059Z] >>> [apiv2][query] GET https://compute.googleapis.com/compute/v1/projects/390718059462 [none]
[debug] [2025-12-15T00:17:20.396Z] <<< [apiv2][status] GET https://compute.googleapis.com/compute/v1/projects/390718059462 403
[debug] [2025-12-15T00:17:20.397Z] <<< [apiv2][body] GET https://compute.googleapis.com/compute/v1/projects/390718059462 {"error":{"code":403,"message":"Compute Engine API has not been used in project 390718059462 before or it is disabled. Enable it by visiting https://console.developers.google.com/apis/api/compute.googleapis.com/overview?project=390718059462 then retry. If you enabled this API recently, wait a few minutes for the action to propagate to our systems and retry.","errors":[{"message":"Compute Engine API has not been used in project 390718059462 before or it is disabled. Enable it by visiting https://console.developers.google.com/apis/api/compute.googleapis.com/overview?project=390718059462 then retry. If you enabled this API recently, wait a few minutes for the action to propagate to our systems and retry.","domain":"usageLimits","reason":"accessNotConfigured","extendedHelp":"https://console.developers.google.com"}],"status":"PERMISSION_DENIED","details":[{"@type":"type.googleapis.com/google.rpc.ErrorInfo","reason":"SERVICE_DISABLED","domain":"googleapis.com","metadata":{"serviceTitle":"Compute Engine API","containerInfo":"390718059462","consumer":"projects/390718059462","service":"compute.googleapis.com","activationUrl":"https://console.developers.google.com/apis/api/compute.googleapis.com/overview?project=390718059462"}},{"@type":"type.googleapis.com/google.rpc.LocalizedMessage","locale":"en-US","message":"Compute Engine API has not been used in project 390718059462 before or it is disabled. Enable it by visiting https://console.developers.google.com/apis/api/compute.googleapis.com/overview?project=390718059462 then retry. If you enabled this API recently, wait a few minutes for the action to propagate to our systems and retry."},{"@type":"type.googleapis.com/google.rpc.Help","links":[{"description":"Google developers console API activation","url":"https://console.developers.google.com/apis/api/compute.googleapis.com/overview?project=390718059462"}]}]}}
[debug] [2025-12-15T00:17:20.399Z] unable to look up default compute service account. Falling back to 390718059462-compute@developer.gserviceaccount.com. Error: {"name":"FirebaseError","children":[],"context":{"body":{"error":{"code":403,"message":"Compute Engine API has not been used in project 390718059462 before or it is disabled. Enable it by visiting https://console.developers.google.com/apis/api/compute.googleapis.com/overview?project=390718059462 then retry. If you enabled this API recently, wait a few minutes for the action to propagate to our systems and retry.","errors":[{"message":"Compute Engine API has not been used in project 390718059462 before or it is disabled. Enable it by visiting https://console.developers.google.com/apis/api/compute.googleapis.com/overview?project=390718059462 then retry. If you enabled this API recently, wait a few minutes for the action to propagate to our systems and retry.","domain":"usageLimits","reason":"accessNotConfigured","extendedHelp":"https://console.developers.google.com"}],"status":"PERMISSION_DENIED","details":[{"@type":"type.googleapis.com/google.rpc.ErrorInfo","reason":"SERVICE_DISABLED","domain":"googleapis.com","metadata":{"serviceTitle":"Compute Engine API","containerInfo":"390718059462","consumer":"projects/390718059462","service":"compute.googleapis.com","activationUrl":"https://console.developers.google.com/apis/api/compute.googleapis.com/overview?project=390718059462"}},{"@type":"type.googleapis.com/google.rpc.LocalizedMessage","locale":"en-US","message":"Compute Engine API has not been used in project 390718059462 before or it is disabled. Enable it by visiting https://console.developers.google.com/apis/api/compute.googleapis.com/overview?project=390718059462 then retry. If you enabled this API recently, wait a few minutes for the action to propagate to our systems and retry."},{"@type":"type.googleapis.com/google.rpc.Help","links":[{"description":"Google developers console API activation","url":"https://console.developers.google.com/apis/api/compute.googleapis.com/overview?project=390718059462"}]}]}},"response":{"statusCode":403}},"exit":1,"message":"Request to https://compute.googleapis.com/compute/v1/projects/390718059462 had HTTP Error: 403, Compute Engine API has not been used in project 390718059462 before or it is disabled. Enable it by visiting https://console.developers.google.com/apis/api/compute.googleapis.com/overview?project=390718059462 then retry. If you enabled this API recently, wait a few minutes for the action to propagate to our systems and retry.","status":403}
[debug] [2025-12-15T00:17:20.400Z] Checked if tokens are valid: true, expires at: 1765761043243
[debug] [2025-12-15T00:17:20.400Z] Checked if tokens are valid: true, expires at: 1765761043243
[debug] [2025-12-15T00:17:20.400Z] >>> [apiv2][query] GET https://cloudbilling.googleapis.com/v1/projects/magic-broom-7d544/billingInfo [none]
[debug] [2025-12-15T00:17:20.802Z] <<< [apiv2][status] GET https://cloudbilling.googleapis.com/v1/projects/magic-broom-7d544/billingInfo 200
[debug] [2025-12-15T00:17:20.803Z] <<< [apiv2][body] GET https://cloudbilling.googleapis.com/v1/projects/magic-broom-7d544/billingInfo {"name":"projects/magic-broom-7d544/billingInfo","projectId":"magic-broom-7d544","billingAccountName":"billingAccounts/01F6D7-74E31B-F1A3FB","billingEnabled":true}
[debug] [2025-12-15T00:17:20.804Z] [functions] found 1 new HTTP functions, testing setIamPolicy permission...
[debug] [2025-12-15T00:17:20.805Z] Checked if tokens are valid: true, expires at: 1765761043243
[debug] [2025-12-15T00:17:20.805Z] Checked if tokens are valid: true, expires at: 1765761043243
[debug] [2025-12-15T00:17:20.805Z] >>> [apiv2][query] POST https://cloudresourcemanager.googleapis.com/v1/projects/magic-broom-7d544:testIamPermissions [none]
[debug] [2025-12-15T00:17:20.805Z] >>> [apiv2][(partial)header] POST https://cloudresourcemanager.googleapis.com/v1/projects/magic-broom-7d544:testIamPermissions x-goog-quota-user=projects/magic-broom-7d544
[debug] [2025-12-15T00:17:20.805Z] >>> [apiv2][body] POST https://cloudresourcemanager.googleapis.com/v1/projects/magic-broom-7d544:testIamPermissions {"permissions":["cloudfunctions.functions.setIamPolicy"]}
[debug] [2025-12-15T00:17:20.914Z] <<< [apiv2][status] POST https://cloudresourcemanager.googleapis.com/v1/projects/magic-broom-7d544:testIamPermissions 200
[debug] [2025-12-15T00:17:20.915Z] <<< [apiv2][body] POST https://cloudresourcemanager.googleapis.com/v1/projects/magic-broom-7d544:testIamPermissions {"permissions":["cloudfunctions.functions.setIamPolicy"]}
[debug] [2025-12-15T00:17:20.915Z] [functions] found setIamPolicy permission, proceeding with deploy
[debug] [2025-12-15T00:17:20.917Z] Checked if tokens are valid: true, expires at: 1765761043243
[debug] [2025-12-15T00:17:20.917Z] Checked if tokens are valid: true, expires at: 1765761043243
[debug] [2025-12-15T00:17:20.918Z] >>> [apiv2][query] POST https://cloudfunctions.googleapis.com/v2/projects/magic-broom-7d544/locations/us-central1/functions:generateUploadUrl [none]
[debug] [2025-12-15T00:17:22.256Z] <<< [apiv2][status] POST https://cloudfunctions.googleapis.com/v2/projects/magic-broom-7d544/locations/us-central1/functions:generateUploadUrl 200
[debug] [2025-12-15T00:17:22.256Z] <<< [apiv2][body] POST https://cloudfunctions.googleapis.com/v2/projects/magic-broom-7d544/locations/us-central1/functions:generateUploadUrl {"uploadUrl":"https://storage.googleapis.com/gcf-v2-uploads-390718059462.us-central1.cloudfunctions.appspot.com/0d5e7849-d0a3-49db-b388-2c8002b123d9.zip?GoogleAccessId=service-390718059462@gcf-admin-robot.iam.gserviceaccount.com&Expires=1765759642&Signature=taH2hBKUMe52pzXFDS8IJ0stDt4D%2F0d5qZEwDhFvoEMj%2Falh%2Fk9%2B0Duit5YgA9D%2FZ4jOUJTRQSyq4ej3K4D9RbfuBEFOjfKGGWGd0dlnONW6VYUaYr1gkezJYt69ExkiSFWx5qzeg04ogGsEc%2BSJwSXdOk8lT6qtTiiE%2FHOXdE6KPsYEZdP7sUZ7Ps%2BMy%2F%2BQ5alJPXhpp%2BYwXOqwHVOscBeSfry5%2Bqc1hdX3BCkfjuyOpBmE7PHJF4ufivEW1647DlK6Cq9lhYa%2BRkRQwABsZ2HXnmB6s4jd3o07weSFLu3Dug9HjdJ2KvBG%2Byq4W%2BQ4cY2DaQJbiFC1%2F4LpnfBbrQ%3D%3D","storageSource":{"bucket":"gcf-v2-uploads-390718059462.us-central1.cloudfunctions.appspot.com","object":"0d5e7849-d0a3-49db-b388-2c8002b123d9.zip"}}
[debug] [2025-12-15T00:17:22.259Z] >>> [apiv2][query] PUT https://storage.googleapis.com/gcf-v2-uploads-390718059462.us-central1.cloudfunctions.appspot.com/0d5e7849-d0a3-49db-b388-2c8002b123d9.zip GoogleAccessId=service-390718059462%40gcf-admin-robot.iam.gserviceaccount.com&Expires=1765759642&Signature=taH2hBKUMe52pzXFDS8IJ0stDt4D%2F0d5qZEwDhFvoEMj%2Falh%2Fk9%2B0Duit5YgA9D%2FZ4jOUJTRQSyq4ej3K4D9RbfuBEFOjfKGGWGd0dlnONW6VYUaYr1gkezJYt69ExkiSFWx5qzeg04ogGsEc%2BSJwSXdOk8lT6qtTiiE%2FHOXdE6KPsYEZdP7sUZ7Ps%2BMy%2F%2BQ5alJPXhpp%2BYwXOqwHVOscBeSfry5%2Bqc1hdX3BCkfjuyOpBmE7PHJF4ufivEW1647DlK6Cq9lhYa%2BRkRQwABsZ2HXnmB6s4jd3o07weSFLu3Dug9HjdJ2KvBG%2Byq4W%2BQ4cY2DaQJbiFC1%2F4LpnfBbrQ%3D%3D
[debug] [2025-12-15T00:17:22.259Z] >>> [apiv2][body] PUT https://storage.googleapis.com/gcf-v2-uploads-390718059462.us-central1.cloudfunctions.appspot.com/0d5e7849-d0a3-49db-b388-2c8002b123d9.zip [stream]
[debug] [2025-12-15T00:17:22.686Z] <<< [apiv2][status] PUT https://storage.googleapis.com/gcf-v2-uploads-390718059462.us-central1.cloudfunctions.appspot.com/0d5e7849-d0a3-49db-b388-2c8002b123d9.zip 200
[debug] [2025-12-15T00:17:22.687Z] <<< [apiv2][body] PUT https://storage.googleapis.com/gcf-v2-uploads-390718059462.us-central1.cloudfunctions.appspot.com/0d5e7849-d0a3-49db-b388-2c8002b123d9.zip [omitted]
[info] ✔  functions: functions source uploaded successfully 
[info] i  functions: creating Node.js 24 (2nd Gen) function placesProxy(us-central1)... 
[debug] [2025-12-15T00:17:22.693Z] Checked if tokens are valid: true, expires at: 1765761043243
[debug] [2025-12-15T00:17:22.693Z] Checked if tokens are valid: true, expires at: 1765761043243
[debug] [2025-12-15T00:17:22.693Z] >>> [apiv2][query] POST https://cloudfunctions.googleapis.com/v2/projects/magic-broom-7d544/locations/us-central1/functions functionId=placesProxy
[debug] [2025-12-15T00:17:22.694Z] >>> [apiv2][body] POST https://cloudfunctions.googleapis.com/v2/projects/magic-broom-7d544/locations/us-central1/functions {"name":"projects/magic-broom-7d544/locations/us-central1/functions/placesProxy","buildConfig":{"runtime":"nodejs24","entryPoint":"placesProxy","source":{"storageSource":{"bucket":"gcf-v2-uploads-390718059462.us-central1.cloudfunctions.appspot.com","object":"0d5e7849-d0a3-49db-b388-2c8002b123d9.zip"}},"environmentVariables":{"GOOGLE_NODE_RUN_SCRIPTS":""}},"serviceConfig":{"environmentVariables":{"FIREBASE_CONFIG":"{\"projectId\":\"magic-broom-7d544\",\"storageBucket\":\"magic-broom-7d544.firebasestorage.app\"}","GCLOUD_PROJECT":"magic-broom-7d544","GOOGLE_MAPS_KEY":"AIzaSyA-fiQbJJrqHP8yKEqbXlPbj6bWF3FY0ak","EVENTARC_CLOUD_EVENT_SOURCE":"projects/magic-broom-7d544/locations/us-central1/services/placesProxy","FUNCTION_TARGET":"placesProxy","LOG_EXECUTION_ID":"true"},"ingressSettings":null,"timeoutSeconds":null,"serviceAccountEmail":null,"availableMemory":"256Mi","minInstanceCount":null,"maxInstanceCount":null,"maxInstanceRequestConcurrency":80,"availableCpu":"1","vpcConnector":null,"vpcConnectorEgressSettings":null},"labels":{"deployment-tool":"cli-firebase","firebase-functions-hash":"c6f8743805258730615448a57c2729556a6fbaae"}}
[debug] [2025-12-15T00:17:24.371Z] <<< [apiv2][status] POST https://cloudfunctions.googleapis.com/v2/projects/magic-broom-7d544/locations/us-central1/functions 200
[debug] [2025-12-15T00:17:24.372Z] <<< [apiv2][body] POST https://cloudfunctions.googleapis.com/v2/projects/magic-broom-7d544/locations/us-central1/functions {"name":"projects/magic-broom-7d544/locations/us-central1/operations/operation-1765757842894-645f288fc2d68-c76ed5d7-a082bc82","metadata":{"@type":"type.googleapis.com/google.cloud.functions.v2.OperationMetadata","createTime":"2025-12-15T00:17:24.328554009Z","target":"projects/magic-broom-7d544/locations/us-central1/functions/placesProxy","verb":"create","cancelRequested":false,"apiVersion":"v2"},"done":false}
[debug] [2025-12-15T00:17:24.373Z] Checked if tokens are valid: true, expires at: 1765761043243
[debug] [2025-12-15T00:17:24.373Z] Checked if tokens are valid: true, expires at: 1765761043243
[debug] [2025-12-15T00:17:24.373Z] >>> [apiv2][query] GET https://cloudfunctions.googleapis.com/v2/projects/magic-broom-7d544/locations/us-central1/operations/operation-1765757842894-645f288fc2d68-c76ed5d7-a082bc82 [none]
[debug] [2025-12-15T00:17:24.596Z] <<< [apiv2][status] GET https://cloudfunctions.googleapis.com/v2/projects/magic-broom-7d544/locations/us-central1/operations/operation-1765757842894-645f288fc2d68-c76ed5d7-a082bc82 200
[debug] [2025-12-15T00:17:24.596Z] <<< [apiv2][body] GET https://cloudfunctions.googleapis.com/v2/projects/magic-broom-7d544/locations/us-central1/operations/operation-1765757842894-645f288fc2d68-c76ed5d7-a082bc82 {"name":"projects/magic-broom-7d544/locations/us-central1/operations/operation-1765757842894-645f288fc2d68-c76ed5d7-a082bc82","metadata":{"@type":"type.googleapis.com/google.cloud.functions.v2.OperationMetadata","createTime":"2025-12-15T00:17:24.328554009Z","target":"projects/magic-broom-7d544/locations/us-central1/functions/placesProxy","verb":"create","cancelRequested":false,"apiVersion":"v2"},"done":false}
[debug] [2025-12-15T00:17:25.098Z] [create-default-us-central1-placesProxy] Retrying task index 0
[debug] [2025-12-15T00:17:25.098Z] Checked if tokens are valid: true, expires at: 1765761043243
[debug] [2025-12-15T00:17:25.098Z] Checked if tokens are valid: true, expires at: 1765761043243
[debug] [2025-12-15T00:17:25.098Z] >>> [apiv2][query] GET https://cloudfunctions.googleapis.com/v2/projects/magic-broom-7d544/locations/us-central1/operations/operation-1765757842894-645f288fc2d68-c76ed5d7-a082bc82 [none]
[debug] [2025-12-15T00:17:25.362Z] <<< [apiv2][status] GET https://cloudfunctions.googleapis.com/v2/projects/magic-broom-7d544/locations/us-central1/operations/operation-1765757842894-645f288fc2d68-c76ed5d7-a082bc82 200
[debug] [2025-12-15T00:17:25.363Z] <<< [apiv2][body] GET https://cloudfunctions.googleapis.com/v2/projects/magic-broom-7d544/locations/us-central1/operations/operation-1765757842894-645f288fc2d68-c76ed5d7-a082bc82 {"name":"projects/magic-broom-7d544/locations/us-central1/operations/operation-1765757842894-645f288fc2d68-c76ed5d7-a082bc82","metadata":{"@type":"type.googleapis.com/google.cloud.functions.v2.OperationMetadata","createTime":"2025-12-15T00:17:24.328554009Z","target":"projects/magic-broom-7d544/locations/us-central1/functions/placesProxy","verb":"create","cancelRequested":false,"apiVersion":"v2","requestResource":{"@type":"type.googleapis.com/google.cloud.functions.v2.Function","name":"projects/magic-broom-7d544/locations/us-central1/functions/placesProxy","buildConfig":{"runtime":"nodejs24","entryPoint":"placesProxy","source":{"storageSource":{"bucket":"gcf-v2-sources-390718059462-us-central1","object":"placesProxy/function-source.zip","generation":"1765757844028002"}},"environmentVariables":{"GOOGLE_NODE_RUN_SCRIPTS":""},"serviceAccount":"projects/magic-broom-7d544/serviceAccounts/390718059462-compute@developer.gserviceaccount.com","automaticUpdatePolicy":{}},"serviceConfig":{"service":"projects/magic-broom-7d544/locations/us-central1/services/placesproxy","timeoutSeconds":60,"environmentVariables":{"FIREBASE_CONFIG":"{\"projectId\":\"magic-broom-7d544\",\"storageBucket\":\"magic-broom-7d544.firebasestorage.app\"}","GCLOUD_PROJECT":"magic-broom-7d544","GOOGLE_MAPS_KEY":"AIzaSyA-fiQbJJrqHP8yKEqbXlPbj6bWF3FY0ak","EVENTARC_CLOUD_EVENT_SOURCE":"projects/magic-broom-7d544/locations/us-central1/services/placesProxy","FUNCTION_TARGET":"placesProxy","LOG_EXECUTION_ID":"true"},"ingressSettings":"ALLOW_ALL","serviceAccountEmail":"390718059462-compute@developer.gserviceaccount.com","availableMemory":"256Mi","maxInstanceRequestConcurrency":80,"availableCpu":"1"},"labels":{"deployment-tool":"cli-firebase","firebase-functions-hash":"c6f8743805258730615448a57c2729556a6fbaae"},"environment":"GEN_2"},"stages":[{"name":"BUILD","state":"NOT_STARTED"},{"name":"SERVICE","state":"NOT_STARTED"}],"operationType":"CREATE_FUNCTION"},"done":false}
[debug] [2025-12-15T00:17:26.364Z] [create-default-us-central1-placesProxy] Retrying task index 0
[debug] [2025-12-15T00:17:26.365Z] Checked if tokens are valid: true, expires at: 1765761043243
[debug] [2025-12-15T00:17:26.365Z] Checked if tokens are valid: true, expires at: 1765761043243
[debug] [2025-12-15T00:17:26.365Z] >>> [apiv2][query] GET https://cloudfunctions.googleapis.com/v2/projects/magic-broom-7d544/locations/us-central1/operations/operation-1765757842894-645f288fc2d68-c76ed5d7-a082bc82 [none]
[debug] [2025-12-15T00:17:26.592Z] <<< [apiv2][status] GET https://cloudfunctions.googleapis.com/v2/projects/magic-broom-7d544/locations/us-central1/operations/operation-1765757842894-645f288fc2d68-c76ed5d7-a082bc82 200
[debug] [2025-12-15T00:17:26.593Z] <<< [apiv2][body] GET https://cloudfunctions.googleapis.com/v2/projects/magic-broom-7d544/locations/us-central1/operations/operation-1765757842894-645f288fc2d68-c76ed5d7-a082bc82 {"name":"projects/magic-broom-7d544/locations/us-central1/operations/operation-1765757842894-645f288fc2d68-c76ed5d7-a082bc82","metadata":{"@type":"type.googleapis.com/google.cloud.functions.v2.OperationMetadata","createTime":"2025-12-15T00:17:24.328554009Z","target":"projects/magic-broom-7d544/locations/us-central1/functions/placesProxy","verb":"create","cancelRequested":false,"apiVersion":"v2","requestResource":{"@type":"type.googleapis.com/google.cloud.functions.v2.Function","name":"projects/magic-broom-7d544/locations/us-central1/functions/placesProxy","buildConfig":{"runtime":"nodejs24","entryPoint":"placesProxy","source":{"storageSource":{"bucket":"gcf-v2-sources-390718059462-us-central1","object":"placesProxy/function-source.zip","generation":"1765757844028002"}},"environmentVariables":{"GOOGLE_NODE_RUN_SCRIPTS":""},"serviceAccount":"projects/magic-broom-7d544/serviceAccounts/390718059462-compute@developer.gserviceaccount.com","automaticUpdatePolicy":{}},"serviceConfig":{"service":"projects/magic-broom-7d544/locations/us-central1/services/placesproxy","timeoutSeconds":60,"environmentVariables":{"FIREBASE_CONFIG":"{\"projectId\":\"magic-broom-7d544\",\"storageBucket\":\"magic-broom-7d544.firebasestorage.app\"}","GCLOUD_PROJECT":"magic-broom-7d544","GOOGLE_MAPS_KEY":"AIzaSyA-fiQbJJrqHP8yKEqbXlPbj6bWF3FY0ak","EVENTARC_CLOUD_EVENT_SOURCE":"projects/magic-broom-7d544/locations/us-central1/services/placesProxy","FUNCTION_TARGET":"placesProxy","LOG_EXECUTION_ID":"true"},"ingressSettings":"ALLOW_ALL","serviceAccountEmail":"390718059462-compute@developer.gserviceaccount.com","availableMemory":"256Mi","maxInstanceRequestConcurrency":80,"availableCpu":"1"},"labels":{"deployment-tool":"cli-firebase","firebase-functions-hash":"c6f8743805258730615448a57c2729556a6fbaae"},"environment":"GEN_2"},"stages":[{"name":"BUILD","state":"NOT_STARTED"},{"name":"SERVICE","state":"NOT_STARTED"}],"operationType":"CREATE_FUNCTION"},"done":false}
[debug] [2025-12-15T00:17:28.594Z] [create-default-us-central1-placesProxy] Retrying task index 0
[debug] [2025-12-15T00:17:28.595Z] Checked if tokens are valid: true, expires at: 1765761043243
[debug] [2025-12-15T00:17:28.595Z] Checked if tokens are valid: true, expires at: 1765761043243
[debug] [2025-12-15T00:17:28.595Z] >>> [apiv2][query] GET https://cloudfunctions.googleapis.com/v2/projects/magic-broom-7d544/locations/us-central1/operations/operation-1765757842894-645f288fc2d68-c76ed5d7-a082bc82 [none]
[debug] [2025-12-15T00:17:28.823Z] <<< [apiv2][status] GET https://cloudfunctions.googleapis.com/v2/projects/magic-broom-7d544/locations/us-central1/operations/operation-1765757842894-645f288fc2d68-c76ed5d7-a082bc82 200
[debug] [2025-12-15T00:17:28.823Z] <<< [apiv2][body] GET https://cloudfunctions.googleapis.com/v2/projects/magic-broom-7d544/locations/us-central1/operations/operation-1765757842894-645f288fc2d68-c76ed5d7-a082bc82 {"name":"projects/magic-broom-7d544/locations/us-central1/operations/operation-1765757842894-645f288fc2d68-c76ed5d7-a082bc82","metadata":{"@type":"type.googleapis.com/google.cloud.functions.v2.OperationMetadata","createTime":"2025-12-15T00:17:24.328554009Z","target":"projects/magic-broom-7d544/locations/us-central1/functions/placesProxy","verb":"create","cancelRequested":false,"apiVersion":"v2","requestResource":{"@type":"type.googleapis.com/google.cloud.functions.v2.Function","name":"projects/magic-broom-7d544/locations/us-central1/functions/placesProxy","buildConfig":{"runtime":"nodejs24","entryPoint":"placesProxy","source":{"storageSource":{"bucket":"gcf-v2-sources-390718059462-us-central1","object":"placesProxy/function-source.zip","generation":"1765757844028002"}},"environmentVariables":{"GOOGLE_NODE_RUN_SCRIPTS":""},"serviceAccount":"projects/magic-broom-7d544/serviceAccounts/390718059462-compute@developer.gserviceaccount.com","automaticUpdatePolicy":{}},"serviceConfig":{"service":"projects/magic-broom-7d544/locations/us-central1/services/placesproxy","timeoutSeconds":60,"environmentVariables":{"FIREBASE_CONFIG":"{\"projectId\":\"magic-broom-7d544\",\"storageBucket\":\"magic-broom-7d544.firebasestorage.app\"}","GCLOUD_PROJECT":"magic-broom-7d544","GOOGLE_MAPS_KEY":"AIzaSyA-fiQbJJrqHP8yKEqbXlPbj6bWF3FY0ak","EVENTARC_CLOUD_EVENT_SOURCE":"projects/magic-broom-7d544/locations/us-central1/services/placesProxy","FUNCTION_TARGET":"placesProxy","LOG_EXECUTION_ID":"true"},"ingressSettings":"ALLOW_ALL","serviceAccountEmail":"390718059462-compute@developer.gserviceaccount.com","availableMemory":"256Mi","maxInstanceRequestConcurrency":80,"availableCpu":"1"},"labels":{"deployment-tool":"cli-firebase","firebase-functions-hash":"c6f8743805258730615448a57c2729556a6fbaae"},"environment":"GEN_2"},"stages":[{"name":"BUILD","state":"NOT_STARTED"},{"name":"SERVICE","state":"NOT_STARTED"}],"operationType":"CREATE_FUNCTION"},"done":false}
[debug] [2025-12-15T00:17:32.824Z] [create-default-us-central1-placesProxy] Retrying task index 0
[debug] [2025-12-15T00:17:32.825Z] Checked if tokens are valid: true, expires at: 1765761043243
[debug] [2025-12-15T00:17:32.825Z] Checked if tokens are valid: true, expires at: 1765761043243
[debug] [2025-12-15T00:17:32.825Z] >>> [apiv2][query] GET https://cloudfunctions.googleapis.com/v2/projects/magic-broom-7d544/locations/us-central1/operations/operation-1765757842894-645f288fc2d68-c76ed5d7-a082bc82 [none]
[debug] [2025-12-15T00:17:33.068Z] <<< [apiv2][status] GET https://cloudfunctions.googleapis.com/v2/projects/magic-broom-7d544/locations/us-central1/operations/operation-1765757842894-645f288fc2d68-c76ed5d7-a082bc82 200
[debug] [2025-12-15T00:17:33.068Z] <<< [apiv2][body] GET https://cloudfunctions.googleapis.com/v2/projects/magic-broom-7d544/locations/us-central1/operations/operation-1765757842894-645f288fc2d68-c76ed5d7-a082bc82 {"name":"projects/magic-broom-7d544/locations/us-central1/operations/operation-1765757842894-645f288fc2d68-c76ed5d7-a082bc82","metadata":{"@type":"type.googleapis.com/google.cloud.functions.v2.OperationMetadata","createTime":"2025-12-15T00:17:24.328554009Z","target":"projects/magic-broom-7d544/locations/us-central1/functions/placesProxy","verb":"create","cancelRequested":false,"apiVersion":"v2","requestResource":{"@type":"type.googleapis.com/google.cloud.functions.v2.Function","name":"projects/magic-broom-7d544/locations/us-central1/functions/placesProxy","buildConfig":{"runtime":"nodejs24","entryPoint":"placesProxy","source":{"storageSource":{"bucket":"gcf-v2-sources-390718059462-us-central1","object":"placesProxy/function-source.zip","generation":"1765757844028002"}},"environmentVariables":{"GOOGLE_NODE_RUN_SCRIPTS":""},"serviceAccount":"projects/magic-broom-7d544/serviceAccounts/390718059462-compute@developer.gserviceaccount.com","automaticUpdatePolicy":{}},"serviceConfig":{"service":"projects/magic-broom-7d544/locations/us-central1/services/placesproxy","timeoutSeconds":60,"environmentVariables":{"FIREBASE_CONFIG":"{\"projectId\":\"magic-broom-7d544\",\"storageBucket\":\"magic-broom-7d544.firebasestorage.app\"}","GCLOUD_PROJECT":"magic-broom-7d544","GOOGLE_MAPS_KEY":"AIzaSyA-fiQbJJrqHP8yKEqbXlPbj6bWF3FY0ak","EVENTARC_CLOUD_EVENT_SOURCE":"projects/magic-broom-7d544/locations/us-central1/services/placesProxy","FUNCTION_TARGET":"placesProxy","LOG_EXECUTION_ID":"true"},"ingressSettings":"ALLOW_ALL","serviceAccountEmail":"390718059462-compute@developer.gserviceaccount.com","availableMemory":"256Mi","maxInstanceRequestConcurrency":80,"availableCpu":"1"},"labels":{"deployment-tool":"cli-firebase","firebase-functions-hash":"c6f8743805258730615448a57c2729556a6fbaae"},"environment":"GEN_2"},"stages":[{"name":"BUILD","state":"NOT_STARTED"},{"name":"SERVICE","state":"NOT_STARTED"}],"operationType":"CREATE_FUNCTION"},"done":false}
[debug] [2025-12-15T00:17:41.070Z] [create-default-us-central1-placesProxy] Retrying task index 0
[debug] [2025-12-15T00:17:41.071Z] Checked if tokens are valid: true, expires at: 1765761043243
[debug] [2025-12-15T00:17:41.071Z] Checked if tokens are valid: true, expires at: 1765761043243
[debug] [2025-12-15T00:17:41.071Z] >>> [apiv2][query] GET https://cloudfunctions.googleapis.com/v2/projects/magic-broom-7d544/locations/us-central1/operations/operation-1765757842894-645f288fc2d68-c76ed5d7-a082bc82 [none]
[debug] [2025-12-15T00:17:41.424Z] <<< [apiv2][status] GET https://cloudfunctions.googleapis.com/v2/projects/magic-broom-7d544/locations/us-central1/operations/operation-1765757842894-645f288fc2d68-c76ed5d7-a082bc82 200
[debug] [2025-12-15T00:17:41.424Z] <<< [apiv2][body] GET https://cloudfunctions.googleapis.com/v2/projects/magic-broom-7d544/locations/us-central1/operations/operation-1765757842894-645f288fc2d68-c76ed5d7-a082bc82 {"name":"projects/magic-broom-7d544/locations/us-central1/operations/operation-1765757842894-645f288fc2d68-c76ed5d7-a082bc82","metadata":{"@type":"type.googleapis.com/google.cloud.functions.v2.OperationMetadata","createTime":"2025-12-15T00:17:24.328554009Z","target":"projects/magic-broom-7d544/locations/us-central1/functions/placesProxy","verb":"create","cancelRequested":false,"apiVersion":"v2","requestResource":{"@type":"type.googleapis.com/google.cloud.functions.v2.Function","name":"projects/magic-broom-7d544/locations/us-central1/functions/placesProxy","buildConfig":{"runtime":"nodejs24","entryPoint":"placesProxy","source":{"storageSource":{"bucket":"gcf-v2-sources-390718059462-us-central1","object":"placesProxy/function-source.zip","generation":"1765757844028002"}},"environmentVariables":{"GOOGLE_NODE_RUN_SCRIPTS":""},"serviceAccount":"projects/magic-broom-7d544/serviceAccounts/390718059462-compute@developer.gserviceaccount.com","automaticUpdatePolicy":{}},"serviceConfig":{"service":"projects/magic-broom-7d544/locations/us-central1/services/placesproxy","timeoutSeconds":60,"environmentVariables":{"FIREBASE_CONFIG":"{\"projectId\":\"magic-broom-7d544\",\"storageBucket\":\"magic-broom-7d544.firebasestorage.app\"}","GCLOUD_PROJECT":"magic-broom-7d544","GOOGLE_MAPS_KEY":"AIzaSyA-fiQbJJrqHP8yKEqbXlPbj6bWF3FY0ak","EVENTARC_CLOUD_EVENT_SOURCE":"projects/magic-broom-7d544/locations/us-central1/services/placesProxy","FUNCTION_TARGET":"placesProxy","LOG_EXECUTION_ID":"true"},"ingressSettings":"ALLOW_ALL","serviceAccountEmail":"390718059462-compute@developer.gserviceaccount.com","availableMemory":"256Mi","maxInstanceRequestConcurrency":80,"availableCpu":"1"},"labels":{"deployment-tool":"cli-firebase","firebase-functions-hash":"c6f8743805258730615448a57c2729556a6fbaae"},"environment":"GEN_2"},"stages":[{"name":"BUILD","message":"Build in progress","state":"IN_PROGRESS","resource":"projects/390718059462/locations/us-central1/builds/03b3e9fe-050b-4e9e-807b-f6e2dacdfdc8","resourceUri":"https://console.cloud.google.com/cloud-build/builds;region=us-central1/03b3e9fe-050b-4e9e-807b-f6e2dacdfdc8?project=390718059462"},{"name":"SERVICE","state":"NOT_STARTED"}],"operationType":"CREATE_FUNCTION","buildName":"projects/390718059462/locations/us-central1/builds/03b3e9fe-050b-4e9e-807b-f6e2dacdfdc8"},"done":false}
[debug] [2025-12-15T00:17:51.425Z] [create-default-us-central1-placesProxy] Retrying task index 0
[debug] [2025-12-15T00:17:51.426Z] Checked if tokens are valid: true, expires at: 1765761043243
[debug] [2025-12-15T00:17:51.426Z] Checked if tokens are valid: true, expires at: 1765761043243
[debug] [2025-12-15T00:17:51.427Z] >>> [apiv2][query] GET https://cloudfunctions.googleapis.com/v2/projects/magic-broom-7d544/locations/us-central1/operations/operation-1765757842894-645f288fc2d68-c76ed5d7-a082bc82 [none]
[debug] [2025-12-15T00:17:51.788Z] <<< [apiv2][status] GET https://cloudfunctions.googleapis.com/v2/projects/magic-broom-7d544/locations/us-central1/operations/operation-1765757842894-645f288fc2d68-c76ed5d7-a082bc82 200
[debug] [2025-12-15T00:17:51.788Z] <<< [apiv2][body] GET https://cloudfunctions.googleapis.com/v2/projects/magic-broom-7d544/locations/us-central1/operations/operation-1765757842894-645f288fc2d68-c76ed5d7-a082bc82 {"name":"projects/magic-broom-7d544/locations/us-central1/operations/operation-1765757842894-645f288fc2d68-c76ed5d7-a082bc82","metadata":{"@type":"type.googleapis.com/google.cloud.functions.v2.OperationMetadata","createTime":"2025-12-15T00:17:24.328554009Z","target":"projects/magic-broom-7d544/locations/us-central1/functions/placesProxy","verb":"create","cancelRequested":false,"apiVersion":"v2","requestResource":{"@type":"type.googleapis.com/google.cloud.functions.v2.Function","name":"projects/magic-broom-7d544/locations/us-central1/functions/placesProxy","buildConfig":{"runtime":"nodejs24","entryPoint":"placesProxy","source":{"storageSource":{"bucket":"gcf-v2-sources-390718059462-us-central1","object":"placesProxy/function-source.zip","generation":"1765757844028002"}},"environmentVariables":{"GOOGLE_NODE_RUN_SCRIPTS":""},"serviceAccount":"projects/magic-broom-7d544/serviceAccounts/390718059462-compute@developer.gserviceaccount.com","automaticUpdatePolicy":{}},"serviceConfig":{"service":"projects/magic-broom-7d544/locations/us-central1/services/placesproxy","timeoutSeconds":60,"environmentVariables":{"FIREBASE_CONFIG":"{\"projectId\":\"magic-broom-7d544\",\"storageBucket\":\"magic-broom-7d544.firebasestorage.app\"}","GCLOUD_PROJECT":"magic-broom-7d544","GOOGLE_MAPS_KEY":"AIzaSyA-fiQbJJrqHP8yKEqbXlPbj6bWF3FY0ak","EVENTARC_CLOUD_EVENT_SOURCE":"projects/magic-broom-7d544/locations/us-central1/services/placesProxy","FUNCTION_TARGET":"placesProxy","LOG_EXECUTION_ID":"true"},"ingressSettings":"ALLOW_ALL","serviceAccountEmail":"390718059462-compute@developer.gserviceaccount.com","availableMemory":"256Mi","maxInstanceRequestConcurrency":80,"availableCpu":"1"},"labels":{"deployment-tool":"cli-firebase","firebase-functions-hash":"c6f8743805258730615448a57c2729556a6fbaae"},"environment":"GEN_2"},"stages":[{"name":"BUILD","message":"Build in progress","state":"IN_PROGRESS","resource":"projects/390718059462/locations/us-central1/builds/03b3e9fe-050b-4e9e-807b-f6e2dacdfdc8","resourceUri":"https://console.cloud.google.com/cloud-build/builds;region=us-central1/03b3e9fe-050b-4e9e-807b-f6e2dacdfdc8?project=390718059462"},{"name":"SERVICE","state":"NOT_STARTED"}],"operationType":"CREATE_FUNCTION","buildName":"projects/390718059462/locations/us-central1/builds/03b3e9fe-050b-4e9e-807b-f6e2dacdfdc8"},"done":false}
[debug] [2025-12-15T00:18:01.789Z] [create-default-us-central1-placesProxy] Retrying task index 0
[debug] [2025-12-15T00:18:01.790Z] Checked if tokens are valid: true, expires at: 1765761043243
[debug] [2025-12-15T00:18:01.790Z] Checked if tokens are valid: true, expires at: 1765761043243
[debug] [2025-12-15T00:18:01.790Z] >>> [apiv2][query] GET https://cloudfunctions.googleapis.com/v2/projects/magic-broom-7d544/locations/us-central1/operations/operation-1765757842894-645f288fc2d68-c76ed5d7-a082bc82 [none]
[debug] [2025-12-15T00:18:02.161Z] <<< [apiv2][status] GET https://cloudfunctions.googleapis.com/v2/projects/magic-broom-7d544/locations/us-central1/operations/operation-1765757842894-645f288fc2d68-c76ed5d7-a082bc82 200
[debug] [2025-12-15T00:18:02.162Z] <<< [apiv2][body] GET https://cloudfunctions.googleapis.com/v2/projects/magic-broom-7d544/locations/us-central1/operations/operation-1765757842894-645f288fc2d68-c76ed5d7-a082bc82 {"name":"projects/magic-broom-7d544/locations/us-central1/operations/operation-1765757842894-645f288fc2d68-c76ed5d7-a082bc82","metadata":{"@type":"type.googleapis.com/google.cloud.functions.v2.OperationMetadata","createTime":"2025-12-15T00:17:24.328554009Z","target":"projects/magic-broom-7d544/locations/us-central1/functions/placesProxy","verb":"create","cancelRequested":false,"apiVersion":"v2","requestResource":{"@type":"type.googleapis.com/google.cloud.functions.v2.Function","name":"projects/magic-broom-7d544/locations/us-central1/functions/placesProxy","buildConfig":{"runtime":"nodejs24","entryPoint":"placesProxy","source":{"storageSource":{"bucket":"gcf-v2-sources-390718059462-us-central1","object":"placesProxy/function-source.zip","generation":"1765757844028002"}},"environmentVariables":{"GOOGLE_NODE_RUN_SCRIPTS":""},"serviceAccount":"projects/magic-broom-7d544/serviceAccounts/390718059462-compute@developer.gserviceaccount.com","automaticUpdatePolicy":{}},"serviceConfig":{"service":"projects/magic-broom-7d544/locations/us-central1/services/placesproxy","timeoutSeconds":60,"environmentVariables":{"FIREBASE_CONFIG":"{\"projectId\":\"magic-broom-7d544\",\"storageBucket\":\"magic-broom-7d544.firebasestorage.app\"}","GCLOUD_PROJECT":"magic-broom-7d544","GOOGLE_MAPS_KEY":"AIzaSyA-fiQbJJrqHP8yKEqbXlPbj6bWF3FY0ak","EVENTARC_CLOUD_EVENT_SOURCE":"projects/magic-broom-7d544/locations/us-central1/services/placesProxy","FUNCTION_TARGET":"placesProxy","LOG_EXECUTION_ID":"true"},"ingressSettings":"ALLOW_ALL","serviceAccountEmail":"390718059462-compute@developer.gserviceaccount.com","availableMemory":"256Mi","maxInstanceRequestConcurrency":80,"availableCpu":"1"},"labels":{"deployment-tool":"cli-firebase","firebase-functions-hash":"c6f8743805258730615448a57c2729556a6fbaae"},"environment":"GEN_2"},"stages":[{"name":"BUILD","message":"Build in progress","state":"IN_PROGRESS","resource":"projects/390718059462/locations/us-central1/builds/03b3e9fe-050b-4e9e-807b-f6e2dacdfdc8","resourceUri":"https://console.cloud.google.com/cloud-build/builds;region=us-central1/03b3e9fe-050b-4e9e-807b-f6e2dacdfdc8?project=390718059462"},{"name":"SERVICE","state":"NOT_STARTED"}],"operationType":"CREATE_FUNCTION","buildName":"projects/390718059462/locations/us-central1/builds/03b3e9fe-050b-4e9e-807b-f6e2dacdfdc8"},"done":false}
[debug] [2025-12-15T00:18:12.163Z] [create-default-us-central1-placesProxy] Retrying task index 0
[debug] [2025-12-15T00:18:12.163Z] Checked if tokens are valid: true, expires at: 1765761043243
[debug] [2025-12-15T00:18:12.163Z] Checked if tokens are valid: true, expires at: 1765761043243
[debug] [2025-12-15T00:18:12.163Z] >>> [apiv2][query] GET https://cloudfunctions.googleapis.com/v2/projects/magic-broom-7d544/locations/us-central1/operations/operation-1765757842894-645f288fc2d68-c76ed5d7-a082bc82 [none]
[debug] [2025-12-15T00:18:12.520Z] <<< [apiv2][status] GET https://cloudfunctions.googleapis.com/v2/projects/magic-broom-7d544/locations/us-central1/operations/operation-1765757842894-645f288fc2d68-c76ed5d7-a082bc82 200
[debug] [2025-12-15T00:18:12.521Z] <<< [apiv2][body] GET https://cloudfunctions.googleapis.com/v2/projects/magic-broom-7d544/locations/us-central1/operations/operation-1765757842894-645f288fc2d68-c76ed5d7-a082bc82 {"name":"projects/magic-broom-7d544/locations/us-central1/operations/operation-1765757842894-645f288fc2d68-c76ed5d7-a082bc82","metadata":{"@type":"type.googleapis.com/google.cloud.functions.v2.OperationMetadata","createTime":"2025-12-15T00:17:24.328554009Z","target":"projects/magic-broom-7d544/locations/us-central1/functions/placesProxy","verb":"create","cancelRequested":false,"apiVersion":"v2","requestResource":{"@type":"type.googleapis.com/google.cloud.functions.v2.Function","name":"projects/magic-broom-7d544/locations/us-central1/functions/placesProxy","buildConfig":{"runtime":"nodejs24","entryPoint":"placesProxy","source":{"storageSource":{"bucket":"gcf-v2-sources-390718059462-us-central1","object":"placesProxy/function-source.zip","generation":"1765757844028002"}},"environmentVariables":{"GOOGLE_NODE_RUN_SCRIPTS":""},"serviceAccount":"projects/magic-broom-7d544/serviceAccounts/390718059462-compute@developer.gserviceaccount.com","automaticUpdatePolicy":{}},"serviceConfig":{"service":"projects/magic-broom-7d544/locations/us-central1/services/placesproxy","timeoutSeconds":60,"environmentVariables":{"FIREBASE_CONFIG":"{\"projectId\":\"magic-broom-7d544\",\"storageBucket\":\"magic-broom-7d544.firebasestorage.app\"}","GCLOUD_PROJECT":"magic-broom-7d544","GOOGLE_MAPS_KEY":"AIzaSyA-fiQbJJrqHP8yKEqbXlPbj6bWF3FY0ak","EVENTARC_CLOUD_EVENT_SOURCE":"projects/magic-broom-7d544/locations/us-central1/services/placesProxy","FUNCTION_TARGET":"placesProxy","LOG_EXECUTION_ID":"true"},"ingressSettings":"ALLOW_ALL","serviceAccountEmail":"390718059462-compute@developer.gserviceaccount.com","availableMemory":"256Mi","maxInstanceRequestConcurrency":80,"availableCpu":"1"},"labels":{"deployment-tool":"cli-firebase","firebase-functions-hash":"c6f8743805258730615448a57c2729556a6fbaae"},"environment":"GEN_2"},"stages":[{"name":"BUILD","message":"Build in progress","state":"IN_PROGRESS","resource":"projects/390718059462/locations/us-central1/builds/03b3e9fe-050b-4e9e-807b-f6e2dacdfdc8","resourceUri":"https://console.cloud.google.com/cloud-build/builds;region=us-central1/03b3e9fe-050b-4e9e-807b-f6e2dacdfdc8?project=390718059462"},{"name":"SERVICE","state":"NOT_STARTED"}],"operationType":"CREATE_FUNCTION","buildName":"projects/390718059462/locations/us-central1/builds/03b3e9fe-050b-4e9e-807b-f6e2dacdfdc8"},"done":false}
[debug] [2025-12-15T00:18:22.522Z] [create-default-us-central1-placesProxy] Retrying task index 0
[debug] [2025-12-15T00:18:22.523Z] Checked if tokens are valid: true, expires at: 1765761043243
[debug] [2025-12-15T00:18:22.523Z] Checked if tokens are valid: true, expires at: 1765761043243
[debug] [2025-12-15T00:18:22.523Z] >>> [apiv2][query] GET https://cloudfunctions.googleapis.com/v2/projects/magic-broom-7d544/locations/us-central1/operations/operation-1765757842894-645f288fc2d68-c76ed5d7-a082bc82 [none]
[debug] [2025-12-15T00:18:22.869Z] <<< [apiv2][status] GET https://cloudfunctions.googleapis.com/v2/projects/magic-broom-7d544/locations/us-central1/operations/operation-1765757842894-645f288fc2d68-c76ed5d7-a082bc82 200
[debug] [2025-12-15T00:18:22.870Z] <<< [apiv2][body] GET https://cloudfunctions.googleapis.com/v2/projects/magic-broom-7d544/locations/us-central1/operations/operation-1765757842894-645f288fc2d68-c76ed5d7-a082bc82 {"name":"projects/magic-broom-7d544/locations/us-central1/operations/operation-1765757842894-645f288fc2d68-c76ed5d7-a082bc82","metadata":{"@type":"type.googleapis.com/google.cloud.functions.v2.OperationMetadata","createTime":"2025-12-15T00:17:24.328554009Z","target":"projects/magic-broom-7d544/locations/us-central1/functions/placesProxy","verb":"create","cancelRequested":false,"apiVersion":"v2","requestResource":{"@type":"type.googleapis.com/google.cloud.functions.v2.Function","name":"projects/magic-broom-7d544/locations/us-central1/functions/placesProxy","buildConfig":{"runtime":"nodejs24","entryPoint":"placesProxy","source":{"storageSource":{"bucket":"gcf-v2-sources-390718059462-us-central1","object":"placesProxy/function-source.zip","generation":"1765757844028002"}},"environmentVariables":{"GOOGLE_NODE_RUN_SCRIPTS":""},"serviceAccount":"projects/magic-broom-7d544/serviceAccounts/390718059462-compute@developer.gserviceaccount.com","automaticUpdatePolicy":{}},"serviceConfig":{"service":"projects/magic-broom-7d544/locations/us-central1/services/placesproxy","timeoutSeconds":60,"environmentVariables":{"FIREBASE_CONFIG":"{\"projectId\":\"magic-broom-7d544\",\"storageBucket\":\"magic-broom-7d544.firebasestorage.app\"}","GCLOUD_PROJECT":"magic-broom-7d544","GOOGLE_MAPS_KEY":"AIzaSyA-fiQbJJrqHP8yKEqbXlPbj6bWF3FY0ak","EVENTARC_CLOUD_EVENT_SOURCE":"projects/magic-broom-7d544/locations/us-central1/services/placesProxy","FUNCTION_TARGET":"placesProxy","LOG_EXECUTION_ID":"true"},"ingressSettings":"ALLOW_ALL","serviceAccountEmail":"390718059462-compute@developer.gserviceaccount.com","availableMemory":"256Mi","maxInstanceRequestConcurrency":80,"availableCpu":"1"},"labels":{"deployment-tool":"cli-firebase","firebase-functions-hash":"c6f8743805258730615448a57c2729556a6fbaae"},"environment":"GEN_2"},"stages":[{"name":"BUILD","message":"Build in progress","state":"IN_PROGRESS","resource":"projects/390718059462/locations/us-central1/builds/03b3e9fe-050b-4e9e-807b-f6e2dacdfdc8","resourceUri":"https://console.cloud.google.com/cloud-build/builds;region=us-central1/03b3e9fe-050b-4e9e-807b-f6e2dacdfdc8?project=390718059462"},{"name":"SERVICE","state":"NOT_STARTED"}],"operationType":"CREATE_FUNCTION","buildName":"projects/390718059462/locations/us-central1/builds/03b3e9fe-050b-4e9e-807b-f6e2dacdfdc8"},"done":false}
[debug] [2025-12-15T00:18:32.871Z] [create-default-us-central1-placesProxy] Retrying task index 0
[debug] [2025-12-15T00:18:32.871Z] Checked if tokens are valid: true, expires at: 1765761043243
[debug] [2025-12-15T00:18:32.871Z] Checked if tokens are valid: true, expires at: 1765761043243
[debug] [2025-12-15T00:18:32.872Z] >>> [apiv2][query] GET https://cloudfunctions.googleapis.com/v2/projects/magic-broom-7d544/locations/us-central1/operations/operation-1765757842894-645f288fc2d68-c76ed5d7-a082bc82 [none]
[debug] [2025-12-15T00:18:33.233Z] <<< [apiv2][status] GET https://cloudfunctions.googleapis.com/v2/projects/magic-broom-7d544/locations/us-central1/operations/operation-1765757842894-645f288fc2d68-c76ed5d7-a082bc82 200
[debug] [2025-12-15T00:18:33.233Z] <<< [apiv2][body] GET https://cloudfunctions.googleapis.com/v2/projects/magic-broom-7d544/locations/us-central1/operations/operation-1765757842894-645f288fc2d68-c76ed5d7-a082bc82 {"name":"projects/magic-broom-7d544/locations/us-central1/operations/operation-1765757842894-645f288fc2d68-c76ed5d7-a082bc82","metadata":{"@type":"type.googleapis.com/google.cloud.functions.v2.OperationMetadata","createTime":"2025-12-15T00:17:24.328554009Z","target":"projects/magic-broom-7d544/locations/us-central1/functions/placesProxy","verb":"create","cancelRequested":false,"apiVersion":"v2","requestResource":{"@type":"type.googleapis.com/google.cloud.functions.v2.Function","name":"projects/magic-broom-7d544/locations/us-central1/functions/placesProxy","buildConfig":{"runtime":"nodejs24","entryPoint":"placesProxy","source":{"storageSource":{"bucket":"gcf-v2-sources-390718059462-us-central1","object":"placesProxy/function-source.zip","generation":"1765757844028002"}},"environmentVariables":{"GOOGLE_NODE_RUN_SCRIPTS":""},"serviceAccount":"projects/magic-broom-7d544/serviceAccounts/390718059462-compute@developer.gserviceaccount.com","automaticUpdatePolicy":{}},"serviceConfig":{"service":"projects/magic-broom-7d544/locations/us-central1/services/placesproxy","timeoutSeconds":60,"environmentVariables":{"FIREBASE_CONFIG":"{\"projectId\":\"magic-broom-7d544\",\"storageBucket\":\"magic-broom-7d544.firebasestorage.app\"}","GCLOUD_PROJECT":"magic-broom-7d544","GOOGLE_MAPS_KEY":"AIzaSyA-fiQbJJrqHP8yKEqbXlPbj6bWF3FY0ak","EVENTARC_CLOUD_EVENT_SOURCE":"projects/magic-broom-7d544/locations/us-central1/services/placesProxy","FUNCTION_TARGET":"placesProxy","LOG_EXECUTION_ID":"true"},"ingressSettings":"ALLOW_ALL","serviceAccountEmail":"390718059462-compute@developer.gserviceaccount.com","availableMemory":"256Mi","maxInstanceRequestConcurrency":80,"availableCpu":"1"},"labels":{"deployment-tool":"cli-firebase","firebase-functions-hash":"c6f8743805258730615448a57c2729556a6fbaae"},"environment":"GEN_2"},"stages":[{"name":"BUILD","message":"Build in progress","state":"IN_PROGRESS","resource":"projects/390718059462/locations/us-central1/builds/03b3e9fe-050b-4e9e-807b-f6e2dacdfdc8","resourceUri":"https://console.cloud.google.com/cloud-build/builds;region=us-central1/03b3e9fe-050b-4e9e-807b-f6e2dacdfdc8?project=390718059462"},{"name":"SERVICE","state":"NOT_STARTED"}],"operationType":"CREATE_FUNCTION","buildName":"projects/390718059462/locations/us-central1/builds/03b3e9fe-050b-4e9e-807b-f6e2dacdfdc8"},"done":false}
[debug] [2025-12-15T00:18:43.233Z] [create-default-us-central1-placesProxy] Retrying task index 0
[debug] [2025-12-15T00:18:43.234Z] Checked if tokens are valid: true, expires at: 1765761043243
[debug] [2025-12-15T00:18:43.234Z] Checked if tokens are valid: true, expires at: 1765761043243
[debug] [2025-12-15T00:18:43.234Z] >>> [apiv2][query] GET https://cloudfunctions.googleapis.com/v2/projects/magic-broom-7d544/locations/us-central1/operations/operation-1765757842894-645f288fc2d68-c76ed5d7-a082bc82 [none]
[debug] [2025-12-15T00:18:43.641Z] <<< [apiv2][status] GET https://cloudfunctions.googleapis.com/v2/projects/magic-broom-7d544/locations/us-central1/operations/operation-1765757842894-645f288fc2d68-c76ed5d7-a082bc82 200
[debug] [2025-12-15T00:18:43.642Z] <<< [apiv2][body] GET https://cloudfunctions.googleapis.com/v2/projects/magic-broom-7d544/locations/us-central1/operations/operation-1765757842894-645f288fc2d68-c76ed5d7-a082bc82 {"name":"projects/magic-broom-7d544/locations/us-central1/operations/operation-1765757842894-645f288fc2d68-c76ed5d7-a082bc82","metadata":{"@type":"type.googleapis.com/google.cloud.functions.v2.OperationMetadata","createTime":"2025-12-15T00:17:24.328554009Z","target":"projects/magic-broom-7d544/locations/us-central1/functions/placesProxy","verb":"create","cancelRequested":false,"apiVersion":"v2","requestResource":{"@type":"type.googleapis.com/google.cloud.functions.v2.Function","name":"projects/magic-broom-7d544/locations/us-central1/functions/placesProxy","buildConfig":{"runtime":"nodejs24","entryPoint":"placesProxy","source":{"storageSource":{"bucket":"gcf-v2-sources-390718059462-us-central1","object":"placesProxy/function-source.zip","generation":"1765757844028002"}},"environmentVariables":{"GOOGLE_NODE_RUN_SCRIPTS":""},"serviceAccount":"projects/magic-broom-7d544/serviceAccounts/390718059462-compute@developer.gserviceaccount.com","automaticUpdatePolicy":{}},"serviceConfig":{"service":"projects/magic-broom-7d544/locations/us-central1/services/placesproxy","timeoutSeconds":60,"environmentVariables":{"FIREBASE_CONFIG":"{\"projectId\":\"magic-broom-7d544\",\"storageBucket\":\"magic-broom-7d544.firebasestorage.app\"}","GCLOUD_PROJECT":"magic-broom-7d544","GOOGLE_MAPS_KEY":"AIzaSyA-fiQbJJrqHP8yKEqbXlPbj6bWF3FY0ak","EVENTARC_CLOUD_EVENT_SOURCE":"projects/magic-broom-7d544/locations/us-central1/services/placesProxy","FUNCTION_TARGET":"placesProxy","LOG_EXECUTION_ID":"true"},"ingressSettings":"ALLOW_ALL","serviceAccountEmail":"390718059462-compute@developer.gserviceaccount.com","availableMemory":"256Mi","maxInstanceRequestConcurrency":80,"availableCpu":"1"},"labels":{"deployment-tool":"cli-firebase","firebase-functions-hash":"c6f8743805258730615448a57c2729556a6fbaae"},"environment":"GEN_2"},"stages":[{"name":"BUILD","message":"Build in progress","state":"IN_PROGRESS","resource":"projects/390718059462/locations/us-central1/builds/03b3e9fe-050b-4e9e-807b-f6e2dacdfdc8","resourceUri":"https://console.cloud.google.com/cloud-build/builds;region=us-central1/03b3e9fe-050b-4e9e-807b-f6e2dacdfdc8?project=390718059462"},{"name":"SERVICE","state":"NOT_STARTED"}],"operationType":"CREATE_FUNCTION","buildName":"projects/390718059462/locations/us-central1/builds/03b3e9fe-050b-4e9e-807b-f6e2dacdfdc8"},"done":false}
[debug] [2025-12-15T00:18:53.642Z] [create-default-us-central1-placesProxy] Retrying task index 0
[debug] [2025-12-15T00:18:53.643Z] Checked if tokens are valid: true, expires at: 1765761043243
[debug] [2025-12-15T00:18:53.643Z] Checked if tokens are valid: true, expires at: 1765761043243
[debug] [2025-12-15T00:18:53.643Z] >>> [apiv2][query] GET https://cloudfunctions.googleapis.com/v2/projects/magic-broom-7d544/locations/us-central1/operations/operation-1765757842894-645f288fc2d68-c76ed5d7-a082bc82 [none]
[debug] [2025-12-15T00:18:53.996Z] <<< [apiv2][status] GET https://cloudfunctions.googleapis.com/v2/projects/magic-broom-7d544/locations/us-central1/operations/operation-1765757842894-645f288fc2d68-c76ed5d7-a082bc82 200
[debug] [2025-12-15T00:18:53.997Z] <<< [apiv2][body] GET https://cloudfunctions.googleapis.com/v2/projects/magic-broom-7d544/locations/us-central1/operations/operation-1765757842894-645f288fc2d68-c76ed5d7-a082bc82 {"name":"projects/magic-broom-7d544/locations/us-central1/operations/operation-1765757842894-645f288fc2d68-c76ed5d7-a082bc82","metadata":{"@type":"type.googleapis.com/google.cloud.functions.v2.OperationMetadata","createTime":"2025-12-15T00:17:24.328554009Z","target":"projects/magic-broom-7d544/locations/us-central1/functions/placesProxy","verb":"create","cancelRequested":false,"apiVersion":"v2","requestResource":{"@type":"type.googleapis.com/google.cloud.functions.v2.Function","name":"projects/magic-broom-7d544/locations/us-central1/functions/placesProxy","buildConfig":{"runtime":"nodejs24","entryPoint":"placesProxy","source":{"storageSource":{"bucket":"gcf-v2-sources-390718059462-us-central1","object":"placesProxy/function-source.zip","generation":"1765757844028002"}},"environmentVariables":{"GOOGLE_NODE_RUN_SCRIPTS":""},"serviceAccount":"projects/magic-broom-7d544/serviceAccounts/390718059462-compute@developer.gserviceaccount.com","automaticUpdatePolicy":{}},"serviceConfig":{"service":"projects/magic-broom-7d544/locations/us-central1/services/placesproxy","timeoutSeconds":60,"environmentVariables":{"FIREBASE_CONFIG":"{\"projectId\":\"magic-broom-7d544\",\"storageBucket\":\"magic-broom-7d544.firebasestorage.app\"}","GCLOUD_PROJECT":"magic-broom-7d544","GOOGLE_MAPS_KEY":"AIzaSyA-fiQbJJrqHP8yKEqbXlPbj6bWF3FY0ak","EVENTARC_CLOUD_EVENT_SOURCE":"projects/magic-broom-7d544/locations/us-central1/services/placesProxy","FUNCTION_TARGET":"placesProxy","LOG_EXECUTION_ID":"true"},"ingressSettings":"ALLOW_ALL","serviceAccountEmail":"390718059462-compute@developer.gserviceaccount.com","availableMemory":"256Mi","maxInstanceRequestConcurrency":80,"availableCpu":"1"},"labels":{"deployment-tool":"cli-firebase","firebase-functions-hash":"c6f8743805258730615448a57c2729556a6fbaae"},"environment":"GEN_2"},"stages":[{"name":"BUILD","message":"Build finished","state":"COMPLETE","resource":"projects/390718059462/locations/us-central1/builds/03b3e9fe-050b-4e9e-807b-f6e2dacdfdc8","resourceUri":"https://console.cloud.google.com/cloud-build/builds;region=us-central1/03b3e9fe-050b-4e9e-807b-f6e2dacdfdc8?project=390718059462"},{"name":"SERVICE","message":"Creating Cloud Run service","state":"IN_PROGRESS","resource":"projects/magic-broom-7d544/locations/us-central1/services/placesproxy","resourceUri":"https://console.cloud.google.com/run/detail/us-central1/placesproxy?project=magic-broom-7d544"}],"sourceToken":"Cldwcm9qZWN0cy8zOTA3MTgwNTk0NjIvbG9jYXRpb25zL3VzLWNlbnRyYWwxL2J1aWxkcy8wM2IzZTlmZS0wNTBiLTRlOWUtODA3Yi1mNmUyZGFjZGZkYzgSdHVzLWNlbnRyYWwxLWRvY2tlci5wa2cuZGV2L21hZ2ljLWJyb29tLTdkNTQ0L2djZi1hcnRpZmFjdHMvbWFnaWMtLWJyb29tLS03ZDU0NF9fdXMtLWNlbnRyYWwxX19wbGFjZXNfcHJveHk6dmVyc2lvbl8xGMbn8cSvCyJGcHJvamVjdHMvbWFnaWMtYnJvb20tN2Q1NDQvbG9jYXRpb25zL3VzLWNlbnRyYWwxL2Z1bmN0aW9ucy9wbGFjZXNQcm94eSoMCOSn/ckGEMjN7tIDMghub2RlanMyNDp2CiNnY3IuaW8vZ2FlLXJ1bnRpbWVzL25vZGVqczI0OnN0YWJsZRJPdXMtY2VudHJhbDEtZG9ja2VyLnBrZy5kZXYvc2VydmVybGVzcy1ydW50aW1lcy9nb29nbGUtMjQtZnVsbC9ydW50aW1lcy9ub2RlanMyNEAB","operationType":"CREATE_FUNCTION","buildName":"projects/390718059462/locations/us-central1/builds/03b3e9fe-050b-4e9e-807b-f6e2dacdfdc8"},"done":false}
[debug] [2025-12-15T00:18:53.997Z] Got source token Cldwcm9qZWN0cy8zOTA3MTgwNTk0NjIvbG9jYXRpb25zL3VzLWNlbnRyYWwxL2J1aWxkcy8wM2IzZTlmZS0wNTBiLTRlOWUtODA3Yi1mNmUyZGFjZGZkYzgSdHVzLWNlbnRyYWwxLWRvY2tlci5wa2cuZGV2L21hZ2ljLWJyb29tLTdkNTQ0L2djZi1hcnRpZmFjdHMvbWFnaWMtLWJyb29tLS03ZDU0NF9fdXMtLWNlbnRyYWwxX19wbGFjZXNfcHJveHk6dmVyc2lvbl8xGMbn8cSvCyJGcHJvamVjdHMvbWFnaWMtYnJvb20tN2Q1NDQvbG9jYXRpb25zL3VzLWNlbnRyYWwxL2Z1bmN0aW9ucy9wbGFjZXNQcm94eSoMCOSn/ckGEMjN7tIDMghub2RlanMyNDp2CiNnY3IuaW8vZ2FlLXJ1bnRpbWVzL25vZGVqczI0OnN0YWJsZRJPdXMtY2VudHJhbDEtZG9ja2VyLnBrZy5kZXYvc2VydmVybGVzcy1ydW50aW1lcy9nb29nbGUtMjQtZnVsbC9ydW50aW1lcy9ub2RlanMyNEAB for region us-central1
[debug] [2025-12-15T00:19:03.997Z] [create-default-us-central1-placesProxy] Retrying task index 0
[debug] [2025-12-15T00:19:03.998Z] Checked if tokens are valid: true, expires at: 1765761043243
[debug] [2025-12-15T00:19:03.998Z] Checked if tokens are valid: true, expires at: 1765761043243
[debug] [2025-12-15T00:19:03.998Z] >>> [apiv2][query] GET https://cloudfunctions.googleapis.com/v2/projects/magic-broom-7d544/locations/us-central1/operations/operation-1765757842894-645f288fc2d68-c76ed5d7-a082bc82 [none]
[debug] [2025-12-15T00:19:04.356Z] <<< [apiv2][status] GET https://cloudfunctions.googleapis.com/v2/projects/magic-broom-7d544/locations/us-central1/operations/operation-1765757842894-645f288fc2d68-c76ed5d7-a082bc82 200
[debug] [2025-12-15T00:19:04.357Z] <<< [apiv2][body] GET https://cloudfunctions.googleapis.com/v2/projects/magic-broom-7d544/locations/us-central1/operations/operation-1765757842894-645f288fc2d68-c76ed5d7-a082bc82 {"name":"projects/magic-broom-7d544/locations/us-central1/operations/operation-1765757842894-645f288fc2d68-c76ed5d7-a082bc82","metadata":{"@type":"type.googleapis.com/google.cloud.functions.v2.OperationMetadata","createTime":"2025-12-15T00:17:24.328554009Z","endTime":"2025-12-15T00:18:54.517488984Z","target":"projects/magic-broom-7d544/locations/us-central1/functions/placesProxy","verb":"create","cancelRequested":false,"apiVersion":"v2","requestResource":{"@type":"type.googleapis.com/google.cloud.functions.v2.Function","name":"projects/magic-broom-7d544/locations/us-central1/functions/placesProxy","buildConfig":{"runtime":"nodejs24","entryPoint":"placesProxy","source":{"storageSource":{"bucket":"gcf-v2-sources-390718059462-us-central1","object":"placesProxy/function-source.zip","generation":"1765757844028002"}},"environmentVariables":{"GOOGLE_NODE_RUN_SCRIPTS":""},"serviceAccount":"projects/magic-broom-7d544/serviceAccounts/390718059462-compute@developer.gserviceaccount.com","automaticUpdatePolicy":{}},"serviceConfig":{"service":"projects/magic-broom-7d544/locations/us-central1/services/placesproxy","timeoutSeconds":60,"environmentVariables":{"FIREBASE_CONFIG":"{\"projectId\":\"magic-broom-7d544\",\"storageBucket\":\"magic-broom-7d544.firebasestorage.app\"}","GCLOUD_PROJECT":"magic-broom-7d544","GOOGLE_MAPS_KEY":"AIzaSyA-fiQbJJrqHP8yKEqbXlPbj6bWF3FY0ak","EVENTARC_CLOUD_EVENT_SOURCE":"projects/magic-broom-7d544/locations/us-central1/services/placesProxy","FUNCTION_TARGET":"placesProxy","LOG_EXECUTION_ID":"true"},"ingressSettings":"ALLOW_ALL","serviceAccountEmail":"390718059462-compute@developer.gserviceaccount.com","availableMemory":"256Mi","maxInstanceRequestConcurrency":80,"availableCpu":"1"},"labels":{"deployment-tool":"cli-firebase","firebase-functions-hash":"c6f8743805258730615448a57c2729556a6fbaae"},"environment":"GEN_2"},"stages":[{"name":"BUILD","message":"Build finished","state":"COMPLETE","resource":"projects/390718059462/locations/us-central1/builds/03b3e9fe-050b-4e9e-807b-f6e2dacdfdc8","resourceUri":"https://console.cloud.google.com/cloud-build/builds;region=us-central1/03b3e9fe-050b-4e9e-807b-f6e2dacdfdc8?project=390718059462"},{"name":"SERVICE","message":"Creating Cloud Run service","state":"COMPLETE","resource":"projects/magic-broom-7d544/locations/us-central1/services/placesproxy","resourceUri":"https://console.cloud.google.com/run/detail/us-central1/placesproxy?project=magic-broom-7d544"}],"sourceToken":"Cldwcm9qZWN0cy8zOTA3MTgwNTk0NjIvbG9jYXRpb25zL3VzLWNlbnRyYWwxL2J1aWxkcy8wM2IzZTlmZS0wNTBiLTRlOWUtODA3Yi1mNmUyZGFjZGZkYzgSdHVzLWNlbnRyYWwxLWRvY2tlci5wa2cuZGV2L21hZ2ljLWJyb29tLTdkNTQ0L2djZi1hcnRpZmFjdHMvbWFnaWMtLWJyb29tLS03ZDU0NF9fdXMtLWNlbnRyYWwxX19wbGFjZXNfcHJveHk6dmVyc2lvbl8xGMbn8cSvCyJGcHJvamVjdHMvbWFnaWMtYnJvb20tN2Q1NDQvbG9jYXRpb25zL3VzLWNlbnRyYWwxL2Z1bmN0aW9ucy9wbGFjZXNQcm94eSoMCOSn/ckGEMjN7tIDMghub2RlanMyNDp2CiNnY3IuaW8vZ2FlLXJ1bnRpbWVzL25vZGVqczI0OnN0YWJsZRJPdXMtY2VudHJhbDEtZG9ja2VyLnBrZy5kZXYvc2VydmVybGVzcy1ydW50aW1lcy9nb29nbGUtMjQtZnVsbC9ydW50aW1lcy9ub2RlanMyNEAB","operationType":"CREATE_FUNCTION","buildName":"projects/390718059462/locations/us-central1/builds/03b3e9fe-050b-4e9e-807b-f6e2dacdfdc8"},"done":true,"response":{"@type":"type.googleapis.com/google.cloud.functions.v2.Function","name":"projects/magic-broom-7d544/locations/us-central1/functions/placesProxy","buildConfig":{"build":"projects/390718059462/locations/us-central1/builds/03b3e9fe-050b-4e9e-807b-f6e2dacdfdc8","runtime":"nodejs24","entryPoint":"placesProxy","source":{"storageSource":{"bucket":"gcf-v2-sources-390718059462-us-central1","object":"placesProxy/function-source.zip","generation":"1765757844028002"}},"environmentVariables":{"GOOGLE_NODE_RUN_SCRIPTS":""},"dockerRepository":"projects/magic-broom-7d544/locations/us-central1/repositories/gcf-artifacts","sourceProvenance":{"resolvedStorageSource":{"bucket":"gcf-v2-sources-390718059462-us-central1","object":"placesProxy/function-source.zip","generation":"1765757844028002"}},"dockerRegistry":"ARTIFACT_REGISTRY","serviceAccount":"projects/magic-broom-7d544/serviceAccounts/390718059462-compute@developer.gserviceaccount.com","automaticUpdatePolicy":{}},"serviceConfig":{"service":"projects/magic-broom-7d544/locations/us-central1/services/placesproxy","timeoutSeconds":60,"environmentVariables":{"FIREBASE_CONFIG":"{\"projectId\":\"magic-broom-7d544\",\"storageBucket\":\"magic-broom-7d544.firebasestorage.app\"}","GCLOUD_PROJECT":"magic-broom-7d544","GOOGLE_MAPS_KEY":"AIzaSyA-fiQbJJrqHP8yKEqbXlPbj6bWF3FY0ak","EVENTARC_CLOUD_EVENT_SOURCE":"projects/magic-broom-7d544/locations/us-central1/services/placesProxy","FUNCTION_TARGET":"placesProxy","LOG_EXECUTION_ID":"true"},"maxInstanceCount":12,"ingressSettings":"ALLOW_ALL","uri":"https://placesproxy-qm5miz4rsq-uc.a.run.app","serviceAccountEmail":"390718059462-compute@developer.gserviceaccount.com","availableMemory":"256Mi","allTrafficOnLatestRevision":true,"revision":"placesproxy-00001-coy","maxInstanceRequestConcurrency":80,"availableCpu":"1"},"state":"ACTIVE","updateTime":"2025-12-15T00:17:24.324418421Z","labels":{"deployment-tool":"cli-firebase","firebase-functions-hash":"c6f8743805258730615448a57c2729556a6fbaae"},"environment":"GEN_2","url":"https://us-central1-magic-broom-7d544.cloudfunctions.net/placesProxy","createTime":"2025-12-15T00:17:24.324418421Z","satisfiesPzi":true}}
[debug] [2025-12-15T00:19:04.357Z] Got source token Cldwcm9qZWN0cy8zOTA3MTgwNTk0NjIvbG9jYXRpb25zL3VzLWNlbnRyYWwxL2J1aWxkcy8wM2IzZTlmZS0wNTBiLTRlOWUtODA3Yi1mNmUyZGFjZGZkYzgSdHVzLWNlbnRyYWwxLWRvY2tlci5wa2cuZGV2L21hZ2ljLWJyb29tLTdkNTQ0L2djZi1hcnRpZmFjdHMvbWFnaWMtLWJyb29tLS03ZDU0NF9fdXMtLWNlbnRyYWwxX19wbGFjZXNfcHJveHk6dmVyc2lvbl8xGMbn8cSvCyJGcHJvamVjdHMvbWFnaWMtYnJvb20tN2Q1NDQvbG9jYXRpb25zL3VzLWNlbnRyYWwxL2Z1bmN0aW9ucy9wbGFjZXNQcm94eSoMCOSn/ckGEMjN7tIDMghub2RlanMyNDp2CiNnY3IuaW8vZ2FlLXJ1bnRpbWVzL25vZGVqczI0OnN0YWJsZRJPdXMtY2VudHJhbDEtZG9ja2VyLnBrZy5kZXYvc2VydmVybGVzcy1ydW50aW1lcy9nb29nbGUtMjQtZnVsbC9ydW50aW1lcy9ub2RlanMyNEAB for region us-central1
[debug] [2025-12-15T00:19:04.358Z] Checked if tokens are valid: true, expires at: 1765761043243
[debug] [2025-12-15T00:19:04.358Z] Checked if tokens are valid: true, expires at: 1765761043243
[debug] [2025-12-15T00:19:04.358Z] >>> [apiv2][query] POST https://run.googleapis.com/v1/projects/magic-broom-7d544/locations/us-central1/services/placesproxy:setIamPolicy [none]
[debug] [2025-12-15T00:19:04.358Z] >>> [apiv2][body] POST https://run.googleapis.com/v1/projects/magic-broom-7d544/locations/us-central1/services/placesproxy:setIamPolicy {"policy":{"bindings":[{"role":"roles/run.invoker","members":["allUsers"]}],"etag":"","version":3},"updateMask":"bindings,etag,version"}
[debug] [2025-12-15T00:19:04.903Z] <<< [apiv2][status] POST https://run.googleapis.com/v1/projects/magic-broom-7d544/locations/us-central1/services/placesproxy:setIamPolicy 200
[debug] [2025-12-15T00:19:04.904Z] <<< [apiv2][body] POST https://run.googleapis.com/v1/projects/magic-broom-7d544/locations/us-central1/services/placesproxy:setIamPolicy {"version":1,"etag":"BwZF8o8QG8k=","bindings":[{"role":"roles/run.invoker","members":["allUsers"]}]}
[info] ✔  functions[placesProxy(us-central1)] Successful create operation. 
[debug] [2025-12-15T00:19:04.912Z] Total Function Deployment time: 102217
[debug] [2025-12-15T00:19:04.912Z] 1 Functions Deployed
[debug] [2025-12-15T00:19:04.912Z] 0 Functions Errored
[debug] [2025-12-15T00:19:04.912Z] 0 Function Deployments Aborted
[debug] [2025-12-15T00:19:04.912Z] Average Function Deployment time: 102216
[info] Function URL (placesProxy(us-central1)): https://us-central1-magic-broom-7d544.cloudfunctions.net/placesProxy
[debug] [2025-12-15T00:19:05.193Z] Checked if tokens are valid: true, expires at: 1765761043243
[debug] [2025-12-15T00:19:05.194Z] Checked if tokens are valid: true, expires at: 1765761043243
[debug] [2025-12-15T00:19:05.194Z] >>> [apiv2][query] GET https://artifactregistry.googleapis.com/v1/projects/magic-broom-7d544/locations/us-central1/repositories/gcf-artifacts [none]
[debug] [2025-12-15T00:19:05.599Z] <<< [apiv2][status] GET https://artifactregistry.googleapis.com/v1/projects/magic-broom-7d544/locations/us-central1/repositories/gcf-artifacts 200
[debug] [2025-12-15T00:19:05.599Z] <<< [apiv2][body] GET https://artifactregistry.googleapis.com/v1/projects/magic-broom-7d544/locations/us-central1/repositories/gcf-artifacts {"name":"projects/magic-broom-7d544/locations/us-central1/repositories/gcf-artifacts","format":"DOCKER","description":"This repository is created and used by Cloud Functions for storing function docker images.","labels":{"goog-managed-by":"cloudfunctions"},"createTime":"2025-12-15T00:17:32.756268Z","updateTime":"2025-12-15T00:18:41.310914Z","mode":"STANDARD_REPOSITORY","sizeBytes":"101676207","vulnerabilityScanningConfig":{"lastEnableTime":"2025-12-15T00:17:24.496086362Z","enablementState":"SCANNING_DISABLED","enablementStateReason":"API containerscanning.googleapis.com is not enabled."},"satisfiesPzi":true,"registryUri":"us-central1-docker.pkg.dev/magic-broom-7d544/gcf-artifacts"}
[warn] ⚠  functions: No cleanup policy detected for repositories in us-central1. This may result in a small monthly bill as container images accumulate over time. 
[debug] [2025-12-15T00:24:28.473Z] ExitPromptError: User force closed the prompt with SIGINT
    at Interface.sigint (/usr/local/lib/node_modules/firebase-tools/node_modules/@inquirer/core/dist/commonjs/lib/create-prompt.js:101:37)
    at Interface.emit (node:events:524:28)
    at [_ttyWrite] [as _ttyWrite] (node:internal/readline/interface:1134:18)
    at ReadStream.onkeypress (node:internal/readline/interface:267:20)
    at ReadStream.emit (node:events:536:35)
    at emitKeys (node:internal/readline/utils:371:14)
    at emitKeys.next (<anonymous>)
    at ReadStream.onData (node:internal/readline/emitKeypressEvents:64:36)
    at ReadStream.emit (node:events:524:28)
    at addChunk (node:internal/streams/readable:561:12)
[error] 
[error] Error: An unexpected error has occurred.
